[2022-11-18T19:47:32.368+0000] {taskinstance.py:1165} INFO - Dependencies all met for <TaskInstance: LocalIngestionDag.wget manual__2022-11-18T19:47:30.323367+00:00 [queued]>
[2022-11-18T19:47:32.448+0000] {taskinstance.py:1165} INFO - Dependencies all met for <TaskInstance: LocalIngestionDag.wget manual__2022-11-18T19:47:30.323367+00:00 [queued]>
[2022-11-18T19:47:32.449+0000] {taskinstance.py:1362} INFO - 
--------------------------------------------------------------------------------
[2022-11-18T19:47:32.453+0000] {taskinstance.py:1363} INFO - Starting attempt 1 of 1
[2022-11-18T19:47:32.454+0000] {taskinstance.py:1364} INFO - 
--------------------------------------------------------------------------------
[2022-11-18T19:47:32.612+0000] {taskinstance.py:1383} INFO - Executing <Task(BashOperator): wget> on 2022-11-18 19:47:30.323367+00:00
[2022-11-18T19:47:32.683+0000] {standard_task_runner.py:55} INFO - Started process 68045 to run task
[2022-11-18T19:47:32.753+0000] {standard_task_runner.py:82} INFO - Running: ['***', 'tasks', 'run', 'LocalIngestionDag', 'wget', 'manual__2022-11-18T19:47:30.323367+00:00', '--job-id', '18', '--raw', '--subdir', 'DAGS_FOLDER/data_ingestion_local.py', '--cfg-path', '/tmp/tmphyqggxnv']
[2022-11-18T19:47:32.784+0000] {standard_task_runner.py:83} INFO - Job 18: Subtask wget
[2022-11-18T19:47:33.556+0000] {task_command.py:376} INFO - Running <TaskInstance: LocalIngestionDag.wget manual__2022-11-18T19:47:30.323367+00:00 [running]> on host 2f138cf78b7c
[2022-11-18T19:47:35.210+0000] {taskinstance.py:1592} INFO - Exporting the following env vars:
AIRFLOW_CTX_DAG_OWNER=***
AIRFLOW_CTX_DAG_ID=LocalIngestionDag
AIRFLOW_CTX_TASK_ID=wget
AIRFLOW_CTX_EXECUTION_DATE=2022-11-18T19:47:30.323367+00:00
AIRFLOW_CTX_TRY_NUMBER=1
AIRFLOW_CTX_DAG_RUN_ID=manual__2022-11-18T19:47:30.323367+00:00
[2022-11-18T19:47:35.213+0000] {subprocess.py:63} INFO - Tmp dir root location: 
 /tmp
[2022-11-18T19:47:35.258+0000] {subprocess.py:75} INFO - Running command: ['/bin/bash', '-c', 'echo "hello world"']
[2022-11-18T19:47:35.615+0000] {subprocess.py:86} INFO - Output:
[2022-11-18T19:47:35.657+0000] {subprocess.py:93} INFO - hello world
[2022-11-18T19:47:35.660+0000] {subprocess.py:97} INFO - Command exited with return code 0
[2022-11-18T19:47:35.938+0000] {taskinstance.py:1406} INFO - Marking task as SUCCESS. dag_id=LocalIngestionDag, task_id=wget, execution_date=20221118T194730, start_date=20221118T194732, end_date=20221118T194735
[2022-11-18T19:47:36.254+0000] {local_task_job.py:159} INFO - Task exited with return code 0
[2022-11-18T19:47:36.457+0000] {taskinstance.py:2623} INFO - 1 downstream tasks scheduled from follow-on schedule check
