[2022-11-19T17:43:11.077+0000] {taskinstance.py:1165} INFO - Dependencies all met for <TaskInstance: yellow_taxi_data_v2.download_dataset_task scheduled__2022-04-02T06:00:00+00:00 [queued]>
[2022-11-19T17:43:11.135+0000] {taskinstance.py:1165} INFO - Dependencies all met for <TaskInstance: yellow_taxi_data_v2.download_dataset_task scheduled__2022-04-02T06:00:00+00:00 [queued]>
[2022-11-19T17:43:11.136+0000] {taskinstance.py:1362} INFO - 
--------------------------------------------------------------------------------
[2022-11-19T17:43:11.136+0000] {taskinstance.py:1363} INFO - Starting attempt 1 of 2
[2022-11-19T17:43:11.137+0000] {taskinstance.py:1364} INFO - 
--------------------------------------------------------------------------------
[2022-11-19T17:43:11.297+0000] {taskinstance.py:1383} INFO - Executing <Task(BashOperator): download_dataset_task> on 2022-04-02 06:00:00+00:00
[2022-11-19T17:43:11.319+0000] {standard_task_runner.py:55} INFO - Started process 59121 to run task
[2022-11-19T17:43:11.366+0000] {standard_task_runner.py:82} INFO - Running: ['***', 'tasks', 'run', 'yellow_taxi_data_v2', 'download_dataset_task', 'scheduled__2022-04-02T06:00:00+00:00', '--job-id', '382', '--raw', '--subdir', 'DAGS_FOLDER/data_ingestion_homework.py', '--cfg-path', '/tmp/tmp4htgo4fs']
[2022-11-19T17:43:11.390+0000] {standard_task_runner.py:83} INFO - Job 382: Subtask download_dataset_task
[2022-11-19T17:43:11.758+0000] {task_command.py:376} INFO - Running <TaskInstance: yellow_taxi_data_v2.download_dataset_task scheduled__2022-04-02T06:00:00+00:00 [running]> on host b8836091f311
[2022-11-19T17:43:11.918+0000] {warnings.py:110} WARNING - /home/***/.local/lib/python3.7/site-packages/***/utils/context.py:204: AirflowContextDeprecationWarning: Accessing 'execution_date' from the template is deprecated and will be removed in a future version. Please use 'data_interval_start' or 'logical_date' instead.
  warnings.warn(_create_deprecation_warning(key, self._deprecation_replacements[key]))

[2022-11-19T17:43:12.022+0000] {taskinstance.py:1592} INFO - Exporting the following env vars:
AIRFLOW_CTX_DAG_OWNER=***
AIRFLOW_CTX_DAG_ID=yellow_taxi_data_v2
AIRFLOW_CTX_TASK_ID=download_dataset_task
AIRFLOW_CTX_EXECUTION_DATE=2022-04-02T06:00:00+00:00
AIRFLOW_CTX_TRY_NUMBER=1
AIRFLOW_CTX_DAG_RUN_ID=scheduled__2022-04-02T06:00:00+00:00
[2022-11-19T17:43:12.023+0000] {subprocess.py:63} INFO - Tmp dir root location: 
 /tmp
[2022-11-19T17:43:12.024+0000] {subprocess.py:75} INFO - Running command: ['/bin/bash', '-c', 'curl -sSLf https://d37ci6vzurychx.cloudfront.net/trip-data/yellow_tripdata_2022-04.parquet > /opt/***/yellow_tripdata_2022-04.parquet']
[2022-11-19T17:43:12.068+0000] {subprocess.py:86} INFO - Output:
[2022-11-19T17:43:12.530+0000] {subprocess.py:97} INFO - Command exited with return code 0
[2022-11-19T17:43:12.679+0000] {taskinstance.py:1406} INFO - Marking task as SUCCESS. dag_id=yellow_taxi_data_v2, task_id=download_dataset_task, execution_date=20220402T060000, start_date=20221119T174311, end_date=20221119T174312
[2022-11-19T17:43:12.840+0000] {local_task_job.py:159} INFO - Task exited with return code 0
[2022-11-19T17:43:13.053+0000] {taskinstance.py:2623} INFO - 1 downstream tasks scheduled from follow-on schedule check
