[2022-11-18T00:00:11.411+0000] {taskinstance.py:1165} INFO - Dependencies all met for <TaskInstance: data_ingestion_gcs_dag.local_to_gcs_task scheduled__2022-11-17T00:00:00+00:00 [queued]>
[2022-11-18T00:00:11.427+0000] {taskinstance.py:1165} INFO - Dependencies all met for <TaskInstance: data_ingestion_gcs_dag.local_to_gcs_task scheduled__2022-11-17T00:00:00+00:00 [queued]>
[2022-11-18T00:00:11.428+0000] {taskinstance.py:1362} INFO - 
--------------------------------------------------------------------------------
[2022-11-18T00:00:11.428+0000] {taskinstance.py:1363} INFO - Starting attempt 1 of 2
[2022-11-18T00:00:11.428+0000] {taskinstance.py:1364} INFO - 
--------------------------------------------------------------------------------
[2022-11-18T00:00:11.449+0000] {taskinstance.py:1383} INFO - Executing <Task(PythonOperator): local_to_gcs_task> on 2022-11-17 00:00:00+00:00
[2022-11-18T00:00:11.459+0000] {standard_task_runner.py:55} INFO - Started process 13060 to run task
[2022-11-18T00:00:11.466+0000] {standard_task_runner.py:82} INFO - Running: ['***', 'tasks', 'run', 'data_ingestion_gcs_dag', 'local_to_gcs_task', 'scheduled__2022-11-17T00:00:00+00:00', '--job-id', '15', '--raw', '--subdir', 'DAGS_FOLDER/data_ingestion_gcs_dag.py', '--cfg-path', '/tmp/tmp5yueuisl']
[2022-11-18T00:00:11.470+0000] {standard_task_runner.py:83} INFO - Job 15: Subtask local_to_gcs_task
[2022-11-18T00:00:11.572+0000] {task_command.py:376} INFO - Running <TaskInstance: data_ingestion_gcs_dag.local_to_gcs_task scheduled__2022-11-17T00:00:00+00:00 [running]> on host 2f138cf78b7c
[2022-11-18T00:00:11.683+0000] {taskinstance.py:1592} INFO - Exporting the following env vars:
AIRFLOW_CTX_DAG_OWNER=***
AIRFLOW_CTX_DAG_ID=data_ingestion_gcs_dag
AIRFLOW_CTX_TASK_ID=local_to_gcs_task
AIRFLOW_CTX_EXECUTION_DATE=2022-11-17T00:00:00+00:00
AIRFLOW_CTX_TRY_NUMBER=1
AIRFLOW_CTX_DAG_RUN_ID=scheduled__2022-11-17T00:00:00+00:00
[2022-11-18T00:00:13.316+0000] {python.py:177} INFO - Done. Returned value was: None
[2022-11-18T00:00:13.330+0000] {taskinstance.py:1406} INFO - Marking task as SUCCESS. dag_id=data_ingestion_gcs_dag, task_id=local_to_gcs_task, execution_date=20221117T000000, start_date=20221118T000011, end_date=20221118T000013
[2022-11-18T00:00:13.365+0000] {local_task_job.py:159} INFO - Task exited with return code 0
[2022-11-18T00:00:13.399+0000] {taskinstance.py:2623} INFO - 1 downstream tasks scheduled from follow-on schedule check
