[2022-11-19T17:36:40.076+0000] {taskinstance.py:1165} INFO - Dependencies all met for <TaskInstance: hfv_taxi_data_v1.download_dataset_task scheduled__2019-07-02T08:00:00+00:00 [queued]>
[2022-11-19T17:36:40.096+0000] {taskinstance.py:1165} INFO - Dependencies all met for <TaskInstance: hfv_taxi_data_v1.download_dataset_task scheduled__2019-07-02T08:00:00+00:00 [queued]>
[2022-11-19T17:36:40.097+0000] {taskinstance.py:1362} INFO - 
--------------------------------------------------------------------------------
[2022-11-19T17:36:40.097+0000] {taskinstance.py:1363} INFO - Starting attempt 1 of 2
[2022-11-19T17:36:40.097+0000] {taskinstance.py:1364} INFO - 
--------------------------------------------------------------------------------
[2022-11-19T17:36:40.290+0000] {taskinstance.py:1383} INFO - Executing <Task(BashOperator): download_dataset_task> on 2019-07-02 08:00:00+00:00
[2022-11-19T17:36:40.305+0000] {standard_task_runner.py:55} INFO - Started process 58013 to run task
[2022-11-19T17:36:40.332+0000] {standard_task_runner.py:82} INFO - Running: ['***', 'tasks', 'run', 'hfv_taxi_data_v1', 'download_dataset_task', 'scheduled__2019-07-02T08:00:00+00:00', '--job-id', '188', '--raw', '--subdir', 'DAGS_FOLDER/data_ingestion_homework.py', '--cfg-path', '/tmp/tmpvn4cjyj0']
[2022-11-19T17:36:40.338+0000] {standard_task_runner.py:83} INFO - Job 188: Subtask download_dataset_task
[2022-11-19T17:36:40.872+0000] {task_command.py:376} INFO - Running <TaskInstance: hfv_taxi_data_v1.download_dataset_task scheduled__2019-07-02T08:00:00+00:00 [running]> on host b8836091f311
[2022-11-19T17:36:41.118+0000] {warnings.py:110} WARNING - /home/***/.local/lib/python3.7/site-packages/***/utils/context.py:204: AirflowContextDeprecationWarning: Accessing 'execution_date' from the template is deprecated and will be removed in a future version. Please use 'data_interval_start' or 'logical_date' instead.
  warnings.warn(_create_deprecation_warning(key, self._deprecation_replacements[key]))

[2022-11-19T17:36:41.296+0000] {taskinstance.py:1592} INFO - Exporting the following env vars:
AIRFLOW_CTX_DAG_OWNER=***
AIRFLOW_CTX_DAG_ID=hfv_taxi_data_v1
AIRFLOW_CTX_TASK_ID=download_dataset_task
AIRFLOW_CTX_EXECUTION_DATE=2019-07-02T08:00:00+00:00
AIRFLOW_CTX_TRY_NUMBER=1
AIRFLOW_CTX_DAG_RUN_ID=scheduled__2019-07-02T08:00:00+00:00
[2022-11-19T17:36:41.299+0000] {subprocess.py:63} INFO - Tmp dir root location: 
 /tmp
[2022-11-19T17:36:41.300+0000] {subprocess.py:75} INFO - Running command: ['/bin/bash', '-c', 'curl -sSLf https://d37ci6vzurychx.cloudfront.net/trip-data/fhv_tripdata_2019-07.parquet > /opt/***/fhv_tripdata_2019-07.parquet']
[2022-11-19T17:36:41.356+0000] {subprocess.py:86} INFO - Output:
[2022-11-19T17:36:42.050+0000] {subprocess.py:97} INFO - Command exited with return code 0
[2022-11-19T17:36:42.170+0000] {taskinstance.py:1406} INFO - Marking task as SUCCESS. dag_id=hfv_taxi_data_v1, task_id=download_dataset_task, execution_date=20190702T080000, start_date=20221119T173640, end_date=20221119T173642
[2022-11-19T17:36:42.286+0000] {local_task_job.py:159} INFO - Task exited with return code 0
[2022-11-19T17:36:42.597+0000] {taskinstance.py:2623} INFO - 0 downstream tasks scheduled from follow-on schedule check
