[2022-11-19T17:40:29.453+0000] {taskinstance.py:1165} INFO - Dependencies all met for <TaskInstance: yellow_taxi_data_v2.download_dataset_task scheduled__2019-02-02T06:00:00+00:00 [queued]>
[2022-11-19T17:40:29.519+0000] {taskinstance.py:1165} INFO - Dependencies all met for <TaskInstance: yellow_taxi_data_v2.download_dataset_task scheduled__2019-02-02T06:00:00+00:00 [queued]>
[2022-11-19T17:40:29.520+0000] {taskinstance.py:1362} INFO - 
--------------------------------------------------------------------------------
[2022-11-19T17:40:29.520+0000] {taskinstance.py:1363} INFO - Starting attempt 1 of 2
[2022-11-19T17:40:29.520+0000] {taskinstance.py:1364} INFO - 
--------------------------------------------------------------------------------
[2022-11-19T17:40:29.628+0000] {taskinstance.py:1383} INFO - Executing <Task(BashOperator): download_dataset_task> on 2019-02-02 06:00:00+00:00
[2022-11-19T17:40:29.639+0000] {standard_task_runner.py:55} INFO - Started process 58523 to run task
[2022-11-19T17:40:29.660+0000] {standard_task_runner.py:82} INFO - Running: ['***', 'tasks', 'run', 'yellow_taxi_data_v2', 'download_dataset_task', 'scheduled__2019-02-02T06:00:00+00:00', '--job-id', '266', '--raw', '--subdir', 'DAGS_FOLDER/data_ingestion_homework.py', '--cfg-path', '/tmp/tmpayfzmzbs']
[2022-11-19T17:40:29.690+0000] {standard_task_runner.py:83} INFO - Job 266: Subtask download_dataset_task
[2022-11-19T17:40:29.924+0000] {task_command.py:376} INFO - Running <TaskInstance: yellow_taxi_data_v2.download_dataset_task scheduled__2019-02-02T06:00:00+00:00 [running]> on host b8836091f311
[2022-11-19T17:40:30.053+0000] {warnings.py:110} WARNING - /home/***/.local/lib/python3.7/site-packages/***/utils/context.py:204: AirflowContextDeprecationWarning: Accessing 'execution_date' from the template is deprecated and will be removed in a future version. Please use 'data_interval_start' or 'logical_date' instead.
  warnings.warn(_create_deprecation_warning(key, self._deprecation_replacements[key]))

[2022-11-19T17:40:30.286+0000] {taskinstance.py:1592} INFO - Exporting the following env vars:
AIRFLOW_CTX_DAG_OWNER=***
AIRFLOW_CTX_DAG_ID=yellow_taxi_data_v2
AIRFLOW_CTX_TASK_ID=download_dataset_task
AIRFLOW_CTX_EXECUTION_DATE=2019-02-02T06:00:00+00:00
AIRFLOW_CTX_TRY_NUMBER=1
AIRFLOW_CTX_DAG_RUN_ID=scheduled__2019-02-02T06:00:00+00:00
[2022-11-19T17:40:30.292+0000] {subprocess.py:63} INFO - Tmp dir root location: 
 /tmp
[2022-11-19T17:40:30.293+0000] {subprocess.py:75} INFO - Running command: ['/bin/bash', '-c', 'curl -sSLf https://d37ci6vzurychx.cloudfront.net/trip-data/yellow_tripdata_2019-02.parquet > /opt/***/yellow_tripdata_2019-02.parquet']
[2022-11-19T17:40:30.318+0000] {subprocess.py:86} INFO - Output:
[2022-11-19T17:40:31.883+0000] {subprocess.py:97} INFO - Command exited with return code 0
[2022-11-19T17:40:31.976+0000] {taskinstance.py:1406} INFO - Marking task as SUCCESS. dag_id=yellow_taxi_data_v2, task_id=download_dataset_task, execution_date=20190202T060000, start_date=20221119T174029, end_date=20221119T174031
[2022-11-19T17:40:32.036+0000] {local_task_job.py:159} INFO - Task exited with return code 0
[2022-11-19T17:40:32.195+0000] {taskinstance.py:2623} INFO - 1 downstream tasks scheduled from follow-on schedule check
