[2022-11-18T21:08:22.584+0000] {taskinstance.py:1165} INFO - Dependencies all met for <TaskInstance: LocalIngestionDag.wget manual__2022-11-18T21:08:21.010856+00:00 [queued]>
[2022-11-18T21:08:22.599+0000] {taskinstance.py:1165} INFO - Dependencies all met for <TaskInstance: LocalIngestionDag.wget manual__2022-11-18T21:08:21.010856+00:00 [queued]>
[2022-11-18T21:08:22.599+0000] {taskinstance.py:1362} INFO - 
--------------------------------------------------------------------------------
[2022-11-18T21:08:22.599+0000] {taskinstance.py:1363} INFO - Starting attempt 1 of 1
[2022-11-18T21:08:22.600+0000] {taskinstance.py:1364} INFO - 
--------------------------------------------------------------------------------
[2022-11-18T21:08:22.622+0000] {taskinstance.py:1383} INFO - Executing <Task(BashOperator): wget> on 2022-11-18 21:08:21.010856+00:00
[2022-11-18T21:08:22.631+0000] {standard_task_runner.py:55} INFO - Started process 819 to run task
[2022-11-18T21:08:22.638+0000] {standard_task_runner.py:82} INFO - Running: ['***', 'tasks', 'run', 'LocalIngestionDag', 'wget', 'manual__2022-11-18T21:08:21.010856+00:00', '--job-id', '82', '--raw', '--subdir', 'DAGS_FOLDER/data_ingestion_local.py', '--cfg-path', '/tmp/tmpvr4m0_vy']
[2022-11-18T21:08:22.641+0000] {standard_task_runner.py:83} INFO - Job 82: Subtask wget
[2022-11-18T21:08:22.743+0000] {task_command.py:376} INFO - Running <TaskInstance: LocalIngestionDag.wget manual__2022-11-18T21:08:21.010856+00:00 [running]> on host b8836091f311
[2022-11-18T21:08:22.793+0000] {warnings.py:110} WARNING - /home/***/.local/lib/python3.7/site-packages/***/utils/context.py:204: AirflowContextDeprecationWarning: Accessing 'execution_date' from the template is deprecated and will be removed in a future version. Please use 'data_interval_start' or 'logical_date' instead.
  warnings.warn(_create_deprecation_warning(key, self._deprecation_replacements[key]))

[2022-11-18T21:08:22.848+0000] {taskinstance.py:1592} INFO - Exporting the following env vars:
AIRFLOW_CTX_DAG_OWNER=***
AIRFLOW_CTX_DAG_ID=LocalIngestionDag
AIRFLOW_CTX_TASK_ID=wget
AIRFLOW_CTX_EXECUTION_DATE=2022-11-18T21:08:21.010856+00:00
AIRFLOW_CTX_TRY_NUMBER=1
AIRFLOW_CTX_DAG_RUN_ID=manual__2022-11-18T21:08:21.010856+00:00
[2022-11-18T21:08:22.850+0000] {subprocess.py:63} INFO - Tmp dir root location: 
 /tmp
[2022-11-18T21:08:22.851+0000] {subprocess.py:75} INFO - Running command: ['/bin/bash', '-c', 'curl -sSL https://github.com/DataTalksClub/nyc-tlc-data/releases/download/yellow/yellow_tripdata_2021-01.csv.gz > /opt/***/output_2022-11.csv.gz && gunzip -f /opt/***/output_2022-11.csv.gz']
[2022-11-18T21:08:22.871+0000] {subprocess.py:86} INFO - Output:
[2022-11-18T21:08:24.307+0000] {subprocess.py:97} INFO - Command exited with return code 0
[2022-11-18T21:08:24.354+0000] {taskinstance.py:1406} INFO - Marking task as SUCCESS. dag_id=LocalIngestionDag, task_id=wget, execution_date=20221118T210821, start_date=20221118T210822, end_date=20221118T210824
[2022-11-18T21:08:24.417+0000] {local_task_job.py:159} INFO - Task exited with return code 0
[2022-11-18T21:08:24.451+0000] {taskinstance.py:2623} INFO - 1 downstream tasks scheduled from follow-on schedule check
