[2022-11-19T17:36:48.047+0000] {taskinstance.py:1165} INFO - Dependencies all met for <TaskInstance: hfv_taxi_data_v1.rm_task scheduled__2019-07-02T08:00:00+00:00 [queued]>
[2022-11-19T17:36:48.124+0000] {taskinstance.py:1165} INFO - Dependencies all met for <TaskInstance: hfv_taxi_data_v1.rm_task scheduled__2019-07-02T08:00:00+00:00 [queued]>
[2022-11-19T17:36:48.124+0000] {taskinstance.py:1362} INFO - 
--------------------------------------------------------------------------------
[2022-11-19T17:36:48.125+0000] {taskinstance.py:1363} INFO - Starting attempt 1 of 2
[2022-11-19T17:36:48.125+0000] {taskinstance.py:1364} INFO - 
--------------------------------------------------------------------------------
[2022-11-19T17:36:48.182+0000] {taskinstance.py:1383} INFO - Executing <Task(BashOperator): rm_task> on 2019-07-02 08:00:00+00:00
[2022-11-19T17:36:48.204+0000] {standard_task_runner.py:55} INFO - Started process 58055 to run task
[2022-11-19T17:36:48.228+0000] {standard_task_runner.py:82} INFO - Running: ['***', 'tasks', 'run', 'hfv_taxi_data_v1', 'rm_task', 'scheduled__2019-07-02T08:00:00+00:00', '--job-id', '195', '--raw', '--subdir', 'DAGS_FOLDER/data_ingestion_homework.py', '--cfg-path', '/tmp/tmpzfr5qns_']
[2022-11-19T17:36:48.245+0000] {standard_task_runner.py:83} INFO - Job 195: Subtask rm_task
[2022-11-19T17:36:48.510+0000] {task_command.py:376} INFO - Running <TaskInstance: hfv_taxi_data_v1.rm_task scheduled__2019-07-02T08:00:00+00:00 [running]> on host b8836091f311
[2022-11-19T17:36:48.757+0000] {warnings.py:110} WARNING - /home/***/.local/lib/python3.7/site-packages/***/utils/context.py:204: AirflowContextDeprecationWarning: Accessing 'execution_date' from the template is deprecated and will be removed in a future version. Please use 'data_interval_start' or 'logical_date' instead.
  warnings.warn(_create_deprecation_warning(key, self._deprecation_replacements[key]))

[2022-11-19T17:36:49.098+0000] {taskinstance.py:1592} INFO - Exporting the following env vars:
AIRFLOW_CTX_DAG_OWNER=***
AIRFLOW_CTX_DAG_ID=hfv_taxi_data_v1
AIRFLOW_CTX_TASK_ID=rm_task
AIRFLOW_CTX_EXECUTION_DATE=2019-07-02T08:00:00+00:00
AIRFLOW_CTX_TRY_NUMBER=1
AIRFLOW_CTX_DAG_RUN_ID=scheduled__2019-07-02T08:00:00+00:00
[2022-11-19T17:36:49.101+0000] {subprocess.py:63} INFO - Tmp dir root location: 
 /tmp
[2022-11-19T17:36:49.102+0000] {subprocess.py:75} INFO - Running command: ['/bin/bash', '-c', 'rm /opt/***/fhv_tripdata_2019-07.parquet']
[2022-11-19T17:36:49.142+0000] {subprocess.py:86} INFO - Output:
[2022-11-19T17:36:49.190+0000] {subprocess.py:97} INFO - Command exited with return code 0
[2022-11-19T17:36:49.307+0000] {taskinstance.py:1406} INFO - Marking task as SUCCESS. dag_id=hfv_taxi_data_v1, task_id=rm_task, execution_date=20190702T080000, start_date=20221119T173648, end_date=20221119T173649
[2022-11-19T17:36:49.413+0000] {local_task_job.py:159} INFO - Task exited with return code 0
[2022-11-19T17:36:49.491+0000] {taskinstance.py:2623} INFO - 0 downstream tasks scheduled from follow-on schedule check
