[2022-11-19T17:43:00.692+0000] {taskinstance.py:1165} INFO - Dependencies all met for <TaskInstance: yellow_taxi_data_v2.download_dataset_task scheduled__2021-12-02T06:00:00+00:00 [queued]>
[2022-11-19T17:43:00.730+0000] {taskinstance.py:1165} INFO - Dependencies all met for <TaskInstance: yellow_taxi_data_v2.download_dataset_task scheduled__2021-12-02T06:00:00+00:00 [queued]>
[2022-11-19T17:43:00.730+0000] {taskinstance.py:1362} INFO - 
--------------------------------------------------------------------------------
[2022-11-19T17:43:00.731+0000] {taskinstance.py:1363} INFO - Starting attempt 1 of 2
[2022-11-19T17:43:00.731+0000] {taskinstance.py:1364} INFO - 
--------------------------------------------------------------------------------
[2022-11-19T17:43:00.808+0000] {taskinstance.py:1383} INFO - Executing <Task(BashOperator): download_dataset_task> on 2021-12-02 06:00:00+00:00
[2022-11-19T17:43:00.820+0000] {standard_task_runner.py:55} INFO - Started process 59083 to run task
[2022-11-19T17:43:00.856+0000] {standard_task_runner.py:82} INFO - Running: ['***', 'tasks', 'run', 'yellow_taxi_data_v2', 'download_dataset_task', 'scheduled__2021-12-02T06:00:00+00:00', '--job-id', '372', '--raw', '--subdir', 'DAGS_FOLDER/data_ingestion_homework.py', '--cfg-path', '/tmp/tmplzp17t4q']
[2022-11-19T17:43:00.861+0000] {standard_task_runner.py:83} INFO - Job 372: Subtask download_dataset_task
[2022-11-19T17:43:01.139+0000] {task_command.py:376} INFO - Running <TaskInstance: yellow_taxi_data_v2.download_dataset_task scheduled__2021-12-02T06:00:00+00:00 [running]> on host b8836091f311
[2022-11-19T17:43:01.362+0000] {warnings.py:110} WARNING - /home/***/.local/lib/python3.7/site-packages/***/utils/context.py:204: AirflowContextDeprecationWarning: Accessing 'execution_date' from the template is deprecated and will be removed in a future version. Please use 'data_interval_start' or 'logical_date' instead.
  warnings.warn(_create_deprecation_warning(key, self._deprecation_replacements[key]))

[2022-11-19T17:43:01.562+0000] {taskinstance.py:1592} INFO - Exporting the following env vars:
AIRFLOW_CTX_DAG_OWNER=***
AIRFLOW_CTX_DAG_ID=yellow_taxi_data_v2
AIRFLOW_CTX_TASK_ID=download_dataset_task
AIRFLOW_CTX_EXECUTION_DATE=2021-12-02T06:00:00+00:00
AIRFLOW_CTX_TRY_NUMBER=1
AIRFLOW_CTX_DAG_RUN_ID=scheduled__2021-12-02T06:00:00+00:00
[2022-11-19T17:43:01.565+0000] {subprocess.py:63} INFO - Tmp dir root location: 
 /tmp
[2022-11-19T17:43:01.566+0000] {subprocess.py:75} INFO - Running command: ['/bin/bash', '-c', 'curl -sSLf https://d37ci6vzurychx.cloudfront.net/trip-data/yellow_tripdata_2021-12.parquet > /opt/***/yellow_tripdata_2021-12.parquet']
[2022-11-19T17:43:01.653+0000] {subprocess.py:86} INFO - Output:
[2022-11-19T17:43:02.224+0000] {subprocess.py:97} INFO - Command exited with return code 0
[2022-11-19T17:43:02.284+0000] {taskinstance.py:1406} INFO - Marking task as SUCCESS. dag_id=yellow_taxi_data_v2, task_id=download_dataset_task, execution_date=20211202T060000, start_date=20221119T174300, end_date=20221119T174302
[2022-11-19T17:43:02.397+0000] {local_task_job.py:159} INFO - Task exited with return code 0
[2022-11-19T17:43:02.617+0000] {taskinstance.py:2623} INFO - 0 downstream tasks scheduled from follow-on schedule check
