[2022-11-18T19:47:50.548+0000] {taskinstance.py:1165} INFO - Dependencies all met for <TaskInstance: LocalIngestionDag.ingest scheduled__2021-11-02T06:00:00+00:00 [queued]>
[2022-11-18T19:47:50.599+0000] {taskinstance.py:1165} INFO - Dependencies all met for <TaskInstance: LocalIngestionDag.ingest scheduled__2021-11-02T06:00:00+00:00 [queued]>
[2022-11-18T19:47:50.601+0000] {taskinstance.py:1362} INFO - 
--------------------------------------------------------------------------------
[2022-11-18T19:47:50.602+0000] {taskinstance.py:1363} INFO - Starting attempt 1 of 1
[2022-11-18T19:47:50.602+0000] {taskinstance.py:1364} INFO - 
--------------------------------------------------------------------------------
[2022-11-18T19:47:50.728+0000] {taskinstance.py:1383} INFO - Executing <Task(BashOperator): ingest> on 2021-11-02 06:00:00+00:00
[2022-11-18T19:47:50.776+0000] {standard_task_runner.py:55} INFO - Started process 68133 to run task
[2022-11-18T19:47:50.864+0000] {standard_task_runner.py:82} INFO - Running: ['***', 'tasks', 'run', 'LocalIngestionDag', 'ingest', 'scheduled__2021-11-02T06:00:00+00:00', '--job-id', '45', '--raw', '--subdir', 'DAGS_FOLDER/data_ingestion_local.py', '--cfg-path', '/tmp/tmp2lqxg23p']
[2022-11-18T19:47:50.872+0000] {standard_task_runner.py:83} INFO - Job 45: Subtask ingest
[2022-11-18T19:47:51.393+0000] {task_command.py:376} INFO - Running <TaskInstance: LocalIngestionDag.ingest scheduled__2021-11-02T06:00:00+00:00 [running]> on host 2f138cf78b7c
[2022-11-18T19:47:51.963+0000] {taskinstance.py:1592} INFO - Exporting the following env vars:
AIRFLOW_CTX_DAG_OWNER=***
AIRFLOW_CTX_DAG_ID=LocalIngestionDag
AIRFLOW_CTX_TASK_ID=ingest
AIRFLOW_CTX_EXECUTION_DATE=2021-11-02T06:00:00+00:00
AIRFLOW_CTX_TRY_NUMBER=1
AIRFLOW_CTX_DAG_RUN_ID=scheduled__2021-11-02T06:00:00+00:00
[2022-11-18T19:47:51.967+0000] {subprocess.py:63} INFO - Tmp dir root location: 
 /tmp
[2022-11-18T19:47:51.968+0000] {subprocess.py:75} INFO - Running command: ['/bin/bash', '-c', 'pwd']
[2022-11-18T19:47:52.072+0000] {subprocess.py:86} INFO - Output:
[2022-11-18T19:47:52.083+0000] {subprocess.py:93} INFO - /tmp/***tmppdtv893f
[2022-11-18T19:47:52.089+0000] {subprocess.py:97} INFO - Command exited with return code 0
[2022-11-18T19:47:52.256+0000] {taskinstance.py:1406} INFO - Marking task as SUCCESS. dag_id=LocalIngestionDag, task_id=ingest, execution_date=20211102T060000, start_date=20221118T194750, end_date=20221118T194752
[2022-11-18T19:47:52.307+0000] {local_task_job.py:159} INFO - Task exited with return code 0
[2022-11-18T19:47:52.371+0000] {taskinstance.py:2623} INFO - 0 downstream tasks scheduled from follow-on schedule check
