[2022-11-19T17:40:33.555+0000] {taskinstance.py:1165} INFO - Dependencies all met for <TaskInstance: zones_data_v1.download_dataset_task scheduled__2022-11-18T00:00:00+00:00 [queued]>
[2022-11-19T17:40:33.586+0000] {taskinstance.py:1165} INFO - Dependencies all met for <TaskInstance: zones_data_v1.download_dataset_task scheduled__2022-11-18T00:00:00+00:00 [queued]>
[2022-11-19T17:40:33.586+0000] {taskinstance.py:1362} INFO - 
--------------------------------------------------------------------------------
[2022-11-19T17:40:33.587+0000] {taskinstance.py:1363} INFO - Starting attempt 1 of 2
[2022-11-19T17:40:33.587+0000] {taskinstance.py:1364} INFO - 
--------------------------------------------------------------------------------
[2022-11-19T17:40:33.655+0000] {taskinstance.py:1383} INFO - Executing <Task(BashOperator): download_dataset_task> on 2022-11-18 00:00:00+00:00
[2022-11-19T17:40:33.665+0000] {standard_task_runner.py:55} INFO - Started process 58542 to run task
[2022-11-19T17:40:33.683+0000] {standard_task_runner.py:82} INFO - Running: ['***', 'tasks', 'run', 'zones_data_v1', 'download_dataset_task', 'scheduled__2022-11-18T00:00:00+00:00', '--job-id', '268', '--raw', '--subdir', 'DAGS_FOLDER/data_ingestion_homework.py', '--cfg-path', '/tmp/tmp41iaaj3n']
[2022-11-19T17:40:33.688+0000] {standard_task_runner.py:83} INFO - Job 268: Subtask download_dataset_task
[2022-11-19T17:40:33.883+0000] {task_command.py:376} INFO - Running <TaskInstance: zones_data_v1.download_dataset_task scheduled__2022-11-18T00:00:00+00:00 [running]> on host b8836091f311
[2022-11-19T17:40:34.287+0000] {taskinstance.py:1592} INFO - Exporting the following env vars:
AIRFLOW_CTX_DAG_OWNER=***
AIRFLOW_CTX_DAG_ID=zones_data_v1
AIRFLOW_CTX_TASK_ID=download_dataset_task
AIRFLOW_CTX_EXECUTION_DATE=2022-11-18T00:00:00+00:00
AIRFLOW_CTX_TRY_NUMBER=1
AIRFLOW_CTX_DAG_RUN_ID=scheduled__2022-11-18T00:00:00+00:00
[2022-11-19T17:40:34.290+0000] {subprocess.py:63} INFO - Tmp dir root location: 
 /tmp
[2022-11-19T17:40:34.291+0000] {subprocess.py:75} INFO - Running command: ['/bin/bash', '-c', 'curl -sSLf https://d37ci6vzurychx.cloudfront.net/misc/taxi+_zone_lookup.csv > /opt/***/taxi_zone_lookup.parquet']
[2022-11-19T17:40:34.387+0000] {subprocess.py:86} INFO - Output:
[2022-11-19T17:40:35.006+0000] {subprocess.py:97} INFO - Command exited with return code 0
[2022-11-19T17:40:35.223+0000] {taskinstance.py:1406} INFO - Marking task as SUCCESS. dag_id=zones_data_v1, task_id=download_dataset_task, execution_date=20221118T000000, start_date=20221119T174033, end_date=20221119T174035
[2022-11-19T17:40:35.338+0000] {local_task_job.py:159} INFO - Task exited with return code 0
[2022-11-19T17:40:35.433+0000] {taskinstance.py:2623} INFO - 1 downstream tasks scheduled from follow-on schedule check
