[2022-11-19T17:42:56.850+0000] {taskinstance.py:1165} INFO - Dependencies all met for <TaskInstance: yellow_taxi_data_v2.local_to_gcs_task scheduled__2021-11-02T06:00:00+00:00 [queued]>
[2022-11-19T17:42:56.865+0000] {taskinstance.py:1165} INFO - Dependencies all met for <TaskInstance: yellow_taxi_data_v2.local_to_gcs_task scheduled__2021-11-02T06:00:00+00:00 [queued]>
[2022-11-19T17:42:56.865+0000] {taskinstance.py:1362} INFO - 
--------------------------------------------------------------------------------
[2022-11-19T17:42:56.865+0000] {taskinstance.py:1363} INFO - Starting attempt 1 of 2
[2022-11-19T17:42:56.866+0000] {taskinstance.py:1364} INFO - 
--------------------------------------------------------------------------------
[2022-11-19T17:42:56.886+0000] {taskinstance.py:1383} INFO - Executing <Task(PythonOperator): local_to_gcs_task> on 2021-11-02 06:00:00+00:00
[2022-11-19T17:42:56.896+0000] {standard_task_runner.py:55} INFO - Started process 59066 to run task
[2022-11-19T17:42:56.903+0000] {standard_task_runner.py:82} INFO - Running: ['***', 'tasks', 'run', 'yellow_taxi_data_v2', 'local_to_gcs_task', 'scheduled__2021-11-02T06:00:00+00:00', '--job-id', '371', '--raw', '--subdir', 'DAGS_FOLDER/data_ingestion_homework.py', '--cfg-path', '/tmp/tmpxgg0hm6j']
[2022-11-19T17:42:56.907+0000] {standard_task_runner.py:83} INFO - Job 371: Subtask local_to_gcs_task
[2022-11-19T17:42:57.021+0000] {task_command.py:376} INFO - Running <TaskInstance: yellow_taxi_data_v2.local_to_gcs_task scheduled__2021-11-02T06:00:00+00:00 [running]> on host b8836091f311
[2022-11-19T17:42:57.081+0000] {warnings.py:110} WARNING - /home/***/.local/lib/python3.7/site-packages/***/utils/context.py:204: AirflowContextDeprecationWarning: Accessing 'execution_date' from the template is deprecated and will be removed in a future version. Please use 'data_interval_start' or 'logical_date' instead.
  warnings.warn(_create_deprecation_warning(key, self._deprecation_replacements[key]))

[2022-11-19T17:42:57.153+0000] {taskinstance.py:1592} INFO - Exporting the following env vars:
AIRFLOW_CTX_DAG_OWNER=***
AIRFLOW_CTX_DAG_ID=yellow_taxi_data_v2
AIRFLOW_CTX_TASK_ID=local_to_gcs_task
AIRFLOW_CTX_EXECUTION_DATE=2021-11-02T06:00:00+00:00
AIRFLOW_CTX_TRY_NUMBER=1
AIRFLOW_CTX_DAG_RUN_ID=scheduled__2021-11-02T06:00:00+00:00
[2022-11-19T17:42:58.214+0000] {python.py:177} INFO - Done. Returned value was: None
[2022-11-19T17:42:58.235+0000] {taskinstance.py:1406} INFO - Marking task as SUCCESS. dag_id=yellow_taxi_data_v2, task_id=local_to_gcs_task, execution_date=20211102T060000, start_date=20221119T174256, end_date=20221119T174258
[2022-11-19T17:42:58.310+0000] {local_task_job.py:159} INFO - Task exited with return code 0
[2022-11-19T17:42:58.391+0000] {taskinstance.py:2623} INFO - 1 downstream tasks scheduled from follow-on schedule check
