[2022-11-19T17:40:40.383+0000] {taskinstance.py:1165} INFO - Dependencies all met for <TaskInstance: zones_data_v1.rm_task scheduled__2022-11-18T00:00:00+00:00 [queued]>
[2022-11-19T17:40:40.452+0000] {taskinstance.py:1165} INFO - Dependencies all met for <TaskInstance: zones_data_v1.rm_task scheduled__2022-11-18T00:00:00+00:00 [queued]>
[2022-11-19T17:40:40.452+0000] {taskinstance.py:1362} INFO - 
--------------------------------------------------------------------------------
[2022-11-19T17:40:40.452+0000] {taskinstance.py:1363} INFO - Starting attempt 1 of 2
[2022-11-19T17:40:40.453+0000] {taskinstance.py:1364} INFO - 
--------------------------------------------------------------------------------
[2022-11-19T17:40:40.517+0000] {taskinstance.py:1383} INFO - Executing <Task(BashOperator): rm_task> on 2022-11-18 00:00:00+00:00
[2022-11-19T17:40:40.549+0000] {standard_task_runner.py:55} INFO - Started process 58560 to run task
[2022-11-19T17:40:40.584+0000] {standard_task_runner.py:82} INFO - Running: ['***', 'tasks', 'run', 'zones_data_v1', 'rm_task', 'scheduled__2022-11-18T00:00:00+00:00', '--job-id', '273', '--raw', '--subdir', 'DAGS_FOLDER/data_ingestion_homework.py', '--cfg-path', '/tmp/tmpcolevsj9']
[2022-11-19T17:40:40.600+0000] {standard_task_runner.py:83} INFO - Job 273: Subtask rm_task
[2022-11-19T17:40:41.066+0000] {task_command.py:376} INFO - Running <TaskInstance: zones_data_v1.rm_task scheduled__2022-11-18T00:00:00+00:00 [running]> on host b8836091f311
[2022-11-19T17:40:41.656+0000] {taskinstance.py:1592} INFO - Exporting the following env vars:
AIRFLOW_CTX_DAG_OWNER=***
AIRFLOW_CTX_DAG_ID=zones_data_v1
AIRFLOW_CTX_TASK_ID=rm_task
AIRFLOW_CTX_EXECUTION_DATE=2022-11-18T00:00:00+00:00
AIRFLOW_CTX_TRY_NUMBER=1
AIRFLOW_CTX_DAG_RUN_ID=scheduled__2022-11-18T00:00:00+00:00
[2022-11-19T17:40:41.659+0000] {subprocess.py:63} INFO - Tmp dir root location: 
 /tmp
[2022-11-19T17:40:41.673+0000] {subprocess.py:75} INFO - Running command: ['/bin/bash', '-c', 'rm /opt/***/taxi_zone_lookup.parquet']
[2022-11-19T17:40:41.802+0000] {subprocess.py:86} INFO - Output:
[2022-11-19T17:40:41.826+0000] {subprocess.py:97} INFO - Command exited with return code 0
[2022-11-19T17:40:42.067+0000] {taskinstance.py:1406} INFO - Marking task as SUCCESS. dag_id=zones_data_v1, task_id=rm_task, execution_date=20221118T000000, start_date=20221119T174040, end_date=20221119T174042
[2022-11-19T17:40:42.230+0000] {local_task_job.py:159} INFO - Task exited with return code 0
[2022-11-19T17:40:42.351+0000] {taskinstance.py:2623} INFO - 0 downstream tasks scheduled from follow-on schedule check
