[2022-11-19T17:40:36.803+0000] {taskinstance.py:1165} INFO - Dependencies all met for <TaskInstance: zones_data_v1.local_to_gcs_task scheduled__2022-11-18T00:00:00+00:00 [queued]>
[2022-11-19T17:40:36.837+0000] {taskinstance.py:1165} INFO - Dependencies all met for <TaskInstance: zones_data_v1.local_to_gcs_task scheduled__2022-11-18T00:00:00+00:00 [queued]>
[2022-11-19T17:40:36.838+0000] {taskinstance.py:1362} INFO - 
--------------------------------------------------------------------------------
[2022-11-19T17:40:36.838+0000] {taskinstance.py:1363} INFO - Starting attempt 1 of 2
[2022-11-19T17:40:36.856+0000] {taskinstance.py:1364} INFO - 
--------------------------------------------------------------------------------
[2022-11-19T17:40:36.898+0000] {taskinstance.py:1383} INFO - Executing <Task(PythonOperator): local_to_gcs_task> on 2022-11-18 00:00:00+00:00
[2022-11-19T17:40:36.911+0000] {standard_task_runner.py:55} INFO - Started process 58551 to run task
[2022-11-19T17:40:36.924+0000] {standard_task_runner.py:82} INFO - Running: ['***', 'tasks', 'run', 'zones_data_v1', 'local_to_gcs_task', 'scheduled__2022-11-18T00:00:00+00:00', '--job-id', '272', '--raw', '--subdir', 'DAGS_FOLDER/data_ingestion_homework.py', '--cfg-path', '/tmp/tmptxvr5tnr']
[2022-11-19T17:40:36.929+0000] {standard_task_runner.py:83} INFO - Job 272: Subtask local_to_gcs_task
[2022-11-19T17:40:37.058+0000] {task_command.py:376} INFO - Running <TaskInstance: zones_data_v1.local_to_gcs_task scheduled__2022-11-18T00:00:00+00:00 [running]> on host b8836091f311
[2022-11-19T17:40:37.187+0000] {taskinstance.py:1592} INFO - Exporting the following env vars:
AIRFLOW_CTX_DAG_OWNER=***
AIRFLOW_CTX_DAG_ID=zones_data_v1
AIRFLOW_CTX_TASK_ID=local_to_gcs_task
AIRFLOW_CTX_EXECUTION_DATE=2022-11-18T00:00:00+00:00
AIRFLOW_CTX_TRY_NUMBER=1
AIRFLOW_CTX_DAG_RUN_ID=scheduled__2022-11-18T00:00:00+00:00
[2022-11-19T17:40:37.407+0000] {python.py:177} INFO - Done. Returned value was: None
[2022-11-19T17:40:37.428+0000] {taskinstance.py:1406} INFO - Marking task as SUCCESS. dag_id=zones_data_v1, task_id=local_to_gcs_task, execution_date=20221118T000000, start_date=20221119T174036, end_date=20221119T174037
[2022-11-19T17:40:37.503+0000] {local_task_job.py:159} INFO - Task exited with return code 0
[2022-11-19T17:40:37.549+0000] {taskinstance.py:2623} INFO - 1 downstream tasks scheduled from follow-on schedule check
