[2022-11-19T17:36:07.095+0000] {taskinstance.py:1165} INFO - Dependencies all met for <TaskInstance: green_taxi_data_v1.download_dataset_task scheduled__2020-12-02T07:00:00+00:00 [queued]>
[2022-11-19T17:36:07.111+0000] {taskinstance.py:1165} INFO - Dependencies all met for <TaskInstance: green_taxi_data_v1.download_dataset_task scheduled__2020-12-02T07:00:00+00:00 [queued]>
[2022-11-19T17:36:07.111+0000] {taskinstance.py:1362} INFO - 
--------------------------------------------------------------------------------
[2022-11-19T17:36:07.111+0000] {taskinstance.py:1363} INFO - Starting attempt 1 of 2
[2022-11-19T17:36:07.111+0000] {taskinstance.py:1364} INFO - 
--------------------------------------------------------------------------------
[2022-11-19T17:36:07.131+0000] {taskinstance.py:1383} INFO - Executing <Task(BashOperator): download_dataset_task> on 2020-12-02 07:00:00+00:00
[2022-11-19T17:36:07.140+0000] {standard_task_runner.py:55} INFO - Started process 57880 to run task
[2022-11-19T17:36:07.151+0000] {standard_task_runner.py:82} INFO - Running: ['***', 'tasks', 'run', 'green_taxi_data_v1', 'download_dataset_task', 'scheduled__2020-12-02T07:00:00+00:00', '--job-id', '162', '--raw', '--subdir', 'DAGS_FOLDER/data_ingestion_homework.py', '--cfg-path', '/tmp/tmpti5o553i']
[2022-11-19T17:36:07.156+0000] {standard_task_runner.py:83} INFO - Job 162: Subtask download_dataset_task
[2022-11-19T17:36:07.272+0000] {task_command.py:376} INFO - Running <TaskInstance: green_taxi_data_v1.download_dataset_task scheduled__2020-12-02T07:00:00+00:00 [running]> on host b8836091f311
[2022-11-19T17:36:07.328+0000] {warnings.py:110} WARNING - /home/***/.local/lib/python3.7/site-packages/***/utils/context.py:204: AirflowContextDeprecationWarning: Accessing 'execution_date' from the template is deprecated and will be removed in a future version. Please use 'data_interval_start' or 'logical_date' instead.
  warnings.warn(_create_deprecation_warning(key, self._deprecation_replacements[key]))

[2022-11-19T17:36:07.397+0000] {taskinstance.py:1592} INFO - Exporting the following env vars:
AIRFLOW_CTX_DAG_OWNER=***
AIRFLOW_CTX_DAG_ID=green_taxi_data_v1
AIRFLOW_CTX_TASK_ID=download_dataset_task
AIRFLOW_CTX_EXECUTION_DATE=2020-12-02T07:00:00+00:00
AIRFLOW_CTX_TRY_NUMBER=1
AIRFLOW_CTX_DAG_RUN_ID=scheduled__2020-12-02T07:00:00+00:00
[2022-11-19T17:36:07.402+0000] {subprocess.py:63} INFO - Tmp dir root location: 
 /tmp
[2022-11-19T17:36:07.403+0000] {subprocess.py:75} INFO - Running command: ['/bin/bash', '-c', 'curl -sSLf https://d37ci6vzurychx.cloudfront.net/trip-data/green_tripdata_2020-12.parquet > /opt/***/green_tripdata_2020-12.parquet']
[2022-11-19T17:36:07.423+0000] {subprocess.py:86} INFO - Output:
[2022-11-19T17:36:07.847+0000] {subprocess.py:97} INFO - Command exited with return code 0
[2022-11-19T17:36:07.905+0000] {taskinstance.py:1406} INFO - Marking task as SUCCESS. dag_id=green_taxi_data_v1, task_id=download_dataset_task, execution_date=20201202T070000, start_date=20221119T173607, end_date=20221119T173607
[2022-11-19T17:36:08.007+0000] {local_task_job.py:159} INFO - Task exited with return code 0
[2022-11-19T17:36:08.093+0000] {taskinstance.py:2623} INFO - 1 downstream tasks scheduled from follow-on schedule check
