[2022-11-17T19:57:28.587+0000] {taskinstance.py:1165} INFO - Dependencies all met for <TaskInstance: data_ingestion_gcs_dag.local_to_gcs_task manual__2022-11-17T19:57:15.209046+00:00 [queued]>
[2022-11-17T19:57:28.602+0000] {taskinstance.py:1165} INFO - Dependencies all met for <TaskInstance: data_ingestion_gcs_dag.local_to_gcs_task manual__2022-11-17T19:57:15.209046+00:00 [queued]>
[2022-11-17T19:57:28.602+0000] {taskinstance.py:1362} INFO - 
--------------------------------------------------------------------------------
[2022-11-17T19:57:28.602+0000] {taskinstance.py:1363} INFO - Starting attempt 1 of 2
[2022-11-17T19:57:28.603+0000] {taskinstance.py:1364} INFO - 
--------------------------------------------------------------------------------
[2022-11-17T19:57:28.622+0000] {taskinstance.py:1383} INFO - Executing <Task(PythonOperator): local_to_gcs_task> on 2022-11-17 19:57:15.209046+00:00
[2022-11-17T19:57:28.631+0000] {standard_task_runner.py:55} INFO - Started process 1817 to run task
[2022-11-17T19:57:28.638+0000] {standard_task_runner.py:82} INFO - Running: ['***', 'tasks', 'run', 'data_ingestion_gcs_dag', 'local_to_gcs_task', 'manual__2022-11-17T19:57:15.209046+00:00', '--job-id', '11', '--raw', '--subdir', 'DAGS_FOLDER/data_ingestion_gcs_dag.py', '--cfg-path', '/tmp/tmp8pwlgtuw']
[2022-11-17T19:57:28.642+0000] {standard_task_runner.py:83} INFO - Job 11: Subtask local_to_gcs_task
[2022-11-17T19:57:28.742+0000] {task_command.py:376} INFO - Running <TaskInstance: data_ingestion_gcs_dag.local_to_gcs_task manual__2022-11-17T19:57:15.209046+00:00 [running]> on host 2f138cf78b7c
[2022-11-17T19:57:28.848+0000] {taskinstance.py:1592} INFO - Exporting the following env vars:
AIRFLOW_CTX_DAG_OWNER=***
AIRFLOW_CTX_DAG_ID=data_ingestion_gcs_dag
AIRFLOW_CTX_TASK_ID=local_to_gcs_task
AIRFLOW_CTX_EXECUTION_DATE=2022-11-17T19:57:15.209046+00:00
AIRFLOW_CTX_TRY_NUMBER=1
AIRFLOW_CTX_DAG_RUN_ID=manual__2022-11-17T19:57:15.209046+00:00
[2022-11-17T19:57:30.812+0000] {python.py:177} INFO - Done. Returned value was: None
[2022-11-17T19:57:30.827+0000] {taskinstance.py:1406} INFO - Marking task as SUCCESS. dag_id=data_ingestion_gcs_dag, task_id=local_to_gcs_task, execution_date=20221117T195715, start_date=20221117T195728, end_date=20221117T195730
[2022-11-17T19:57:30.859+0000] {local_task_job.py:159} INFO - Task exited with return code 0
[2022-11-17T19:57:30.892+0000] {taskinstance.py:2623} INFO - 1 downstream tasks scheduled from follow-on schedule check
