[2022-11-19T17:36:37.641+0000] {taskinstance.py:1165} INFO - Dependencies all met for <TaskInstance: hfv_taxi_data_v1.local_to_gcs_task scheduled__2019-06-02T08:00:00+00:00 [queued]>
[2022-11-19T17:36:37.668+0000] {taskinstance.py:1165} INFO - Dependencies all met for <TaskInstance: hfv_taxi_data_v1.local_to_gcs_task scheduled__2019-06-02T08:00:00+00:00 [queued]>
[2022-11-19T17:36:37.674+0000] {taskinstance.py:1362} INFO - 
--------------------------------------------------------------------------------
[2022-11-19T17:36:37.675+0000] {taskinstance.py:1363} INFO - Starting attempt 1 of 2
[2022-11-19T17:36:37.675+0000] {taskinstance.py:1364} INFO - 
--------------------------------------------------------------------------------
[2022-11-19T17:36:37.720+0000] {taskinstance.py:1383} INFO - Executing <Task(PythonOperator): local_to_gcs_task> on 2019-06-02 08:00:00+00:00
[2022-11-19T17:36:37.731+0000] {standard_task_runner.py:55} INFO - Started process 58006 to run task
[2022-11-19T17:36:37.747+0000] {standard_task_runner.py:82} INFO - Running: ['***', 'tasks', 'run', 'hfv_taxi_data_v1', 'local_to_gcs_task', 'scheduled__2019-06-02T08:00:00+00:00', '--job-id', '186', '--raw', '--subdir', 'DAGS_FOLDER/data_ingestion_homework.py', '--cfg-path', '/tmp/tmp8of5tlu2']
[2022-11-19T17:36:37.755+0000] {standard_task_runner.py:83} INFO - Job 186: Subtask local_to_gcs_task
[2022-11-19T17:36:38.088+0000] {task_command.py:376} INFO - Running <TaskInstance: hfv_taxi_data_v1.local_to_gcs_task scheduled__2019-06-02T08:00:00+00:00 [running]> on host b8836091f311
[2022-11-19T17:36:38.233+0000] {warnings.py:110} WARNING - /home/***/.local/lib/python3.7/site-packages/***/utils/context.py:204: AirflowContextDeprecationWarning: Accessing 'execution_date' from the template is deprecated and will be removed in a future version. Please use 'data_interval_start' or 'logical_date' instead.
  warnings.warn(_create_deprecation_warning(key, self._deprecation_replacements[key]))

[2022-11-19T17:36:38.381+0000] {taskinstance.py:1592} INFO - Exporting the following env vars:
AIRFLOW_CTX_DAG_OWNER=***
AIRFLOW_CTX_DAG_ID=hfv_taxi_data_v1
AIRFLOW_CTX_TASK_ID=local_to_gcs_task
AIRFLOW_CTX_EXECUTION_DATE=2019-06-02T08:00:00+00:00
AIRFLOW_CTX_TRY_NUMBER=1
AIRFLOW_CTX_DAG_RUN_ID=scheduled__2019-06-02T08:00:00+00:00
[2022-11-19T17:36:39.222+0000] {python.py:177} INFO - Done. Returned value was: None
[2022-11-19T17:36:39.322+0000] {taskinstance.py:1406} INFO - Marking task as SUCCESS. dag_id=hfv_taxi_data_v1, task_id=local_to_gcs_task, execution_date=20190602T080000, start_date=20221119T173637, end_date=20221119T173639
[2022-11-19T17:36:39.446+0000] {local_task_job.py:159} INFO - Task exited with return code 0
[2022-11-19T17:36:39.544+0000] {taskinstance.py:2623} INFO - 1 downstream tasks scheduled from follow-on schedule check
