[2022-11-19T17:33:28.222+0000] {taskinstance.py:1165} INFO - Dependencies all met for <TaskInstance: green_taxi_data_v1.rm_task scheduled__2019-02-02T07:00:00+00:00 [queued]>
[2022-11-19T17:33:28.246+0000] {taskinstance.py:1165} INFO - Dependencies all met for <TaskInstance: green_taxi_data_v1.rm_task scheduled__2019-02-02T07:00:00+00:00 [queued]>
[2022-11-19T17:33:28.247+0000] {taskinstance.py:1362} INFO - 
--------------------------------------------------------------------------------
[2022-11-19T17:33:28.247+0000] {taskinstance.py:1363} INFO - Starting attempt 1 of 2
[2022-11-19T17:33:28.247+0000] {taskinstance.py:1364} INFO - 
--------------------------------------------------------------------------------
[2022-11-19T17:33:28.325+0000] {taskinstance.py:1383} INFO - Executing <Task(BashOperator): rm_task> on 2019-02-02 07:00:00+00:00
[2022-11-19T17:33:28.341+0000] {standard_task_runner.py:55} INFO - Started process 57484 to run task
[2022-11-19T17:33:28.373+0000] {standard_task_runner.py:82} INFO - Running: ['***', 'tasks', 'run', 'green_taxi_data_v1', 'rm_task', 'scheduled__2019-02-02T07:00:00+00:00', '--job-id', '99', '--raw', '--subdir', 'DAGS_FOLDER/data_ingestion_homework.py', '--cfg-path', '/tmp/tmp70ofegf6']
[2022-11-19T17:33:28.380+0000] {standard_task_runner.py:83} INFO - Job 99: Subtask rm_task
[2022-11-19T17:33:28.539+0000] {task_command.py:376} INFO - Running <TaskInstance: green_taxi_data_v1.rm_task scheduled__2019-02-02T07:00:00+00:00 [running]> on host b8836091f311
[2022-11-19T17:33:28.620+0000] {warnings.py:110} WARNING - /home/***/.local/lib/python3.7/site-packages/***/utils/context.py:204: AirflowContextDeprecationWarning: Accessing 'execution_date' from the template is deprecated and will be removed in a future version. Please use 'data_interval_start' or 'logical_date' instead.
  warnings.warn(_create_deprecation_warning(key, self._deprecation_replacements[key]))

[2022-11-19T17:33:28.703+0000] {taskinstance.py:1592} INFO - Exporting the following env vars:
AIRFLOW_CTX_DAG_OWNER=***
AIRFLOW_CTX_DAG_ID=green_taxi_data_v1
AIRFLOW_CTX_TASK_ID=rm_task
AIRFLOW_CTX_EXECUTION_DATE=2019-02-02T07:00:00+00:00
AIRFLOW_CTX_TRY_NUMBER=1
AIRFLOW_CTX_DAG_RUN_ID=scheduled__2019-02-02T07:00:00+00:00
[2022-11-19T17:33:28.705+0000] {subprocess.py:63} INFO - Tmp dir root location: 
 /tmp
[2022-11-19T17:33:28.706+0000] {subprocess.py:75} INFO - Running command: ['/bin/bash', '-c', 'rm /opt/***/green_tripdata_2019-02.parquet']
[2022-11-19T17:33:28.729+0000] {subprocess.py:86} INFO - Output:
[2022-11-19T17:33:28.741+0000] {subprocess.py:97} INFO - Command exited with return code 0
[2022-11-19T17:33:28.810+0000] {taskinstance.py:1406} INFO - Marking task as SUCCESS. dag_id=green_taxi_data_v1, task_id=rm_task, execution_date=20190202T070000, start_date=20221119T173328, end_date=20221119T173328
[2022-11-19T17:33:28.880+0000] {local_task_job.py:159} INFO - Task exited with return code 0
[2022-11-19T17:33:28.915+0000] {taskinstance.py:2623} INFO - 0 downstream tasks scheduled from follow-on schedule check
