[2022-11-18T19:47:37.285+0000] {taskinstance.py:1165} INFO - Dependencies all met for <TaskInstance: LocalIngestionDag.wget scheduled__2021-05-02T06:00:00+00:00 [queued]>
[2022-11-18T19:47:37.373+0000] {taskinstance.py:1165} INFO - Dependencies all met for <TaskInstance: LocalIngestionDag.wget scheduled__2021-05-02T06:00:00+00:00 [queued]>
[2022-11-18T19:47:37.375+0000] {taskinstance.py:1362} INFO - 
--------------------------------------------------------------------------------
[2022-11-18T19:47:37.376+0000] {taskinstance.py:1363} INFO - Starting attempt 1 of 1
[2022-11-18T19:47:37.377+0000] {taskinstance.py:1364} INFO - 
--------------------------------------------------------------------------------
[2022-11-18T19:47:37.542+0000] {taskinstance.py:1383} INFO - Executing <Task(BashOperator): wget> on 2021-05-02 06:00:00+00:00
[2022-11-18T19:47:37.584+0000] {standard_task_runner.py:55} INFO - Started process 68070 to run task
[2022-11-18T19:47:37.645+0000] {standard_task_runner.py:82} INFO - Running: ['***', 'tasks', 'run', 'LocalIngestionDag', 'wget', 'scheduled__2021-05-02T06:00:00+00:00', '--job-id', '22', '--raw', '--subdir', 'DAGS_FOLDER/data_ingestion_local.py', '--cfg-path', '/tmp/tmp_xef8wm2']
[2022-11-18T19:47:37.654+0000] {standard_task_runner.py:83} INFO - Job 22: Subtask wget
[2022-11-18T19:47:38.308+0000] {task_command.py:376} INFO - Running <TaskInstance: LocalIngestionDag.wget scheduled__2021-05-02T06:00:00+00:00 [running]> on host 2f138cf78b7c
[2022-11-18T19:47:39.046+0000] {taskinstance.py:1592} INFO - Exporting the following env vars:
AIRFLOW_CTX_DAG_OWNER=***
AIRFLOW_CTX_DAG_ID=LocalIngestionDag
AIRFLOW_CTX_TASK_ID=wget
AIRFLOW_CTX_EXECUTION_DATE=2021-05-02T06:00:00+00:00
AIRFLOW_CTX_TRY_NUMBER=1
AIRFLOW_CTX_DAG_RUN_ID=scheduled__2021-05-02T06:00:00+00:00
[2022-11-18T19:47:39.056+0000] {subprocess.py:63} INFO - Tmp dir root location: 
 /tmp
[2022-11-18T19:47:39.070+0000] {subprocess.py:75} INFO - Running command: ['/bin/bash', '-c', 'echo "hello world"']
[2022-11-18T19:47:39.173+0000] {subprocess.py:86} INFO - Output:
[2022-11-18T19:47:39.201+0000] {subprocess.py:93} INFO - hello world
[2022-11-18T19:47:39.214+0000] {subprocess.py:97} INFO - Command exited with return code 0
[2022-11-18T19:47:39.460+0000] {taskinstance.py:1406} INFO - Marking task as SUCCESS. dag_id=LocalIngestionDag, task_id=wget, execution_date=20210502T060000, start_date=20221118T194737, end_date=20221118T194739
[2022-11-18T19:47:39.688+0000] {local_task_job.py:159} INFO - Task exited with return code 0
[2022-11-18T19:47:39.920+0000] {taskinstance.py:2623} INFO - 0 downstream tasks scheduled from follow-on schedule check
