[2022-11-18T21:15:25.039+0000] {taskinstance.py:1165} INFO - Dependencies all met for <TaskInstance: LocalIngestionDag.ingest manual__2022-11-18T21:15:19.838427+00:00 [queued]>
[2022-11-18T21:15:25.054+0000] {taskinstance.py:1165} INFO - Dependencies all met for <TaskInstance: LocalIngestionDag.ingest manual__2022-11-18T21:15:19.838427+00:00 [queued]>
[2022-11-18T21:15:25.054+0000] {taskinstance.py:1362} INFO - 
--------------------------------------------------------------------------------
[2022-11-18T21:15:25.054+0000] {taskinstance.py:1363} INFO - Starting attempt 1 of 1
[2022-11-18T21:15:25.054+0000] {taskinstance.py:1364} INFO - 
--------------------------------------------------------------------------------
[2022-11-18T21:15:25.075+0000] {taskinstance.py:1383} INFO - Executing <Task(PythonOperator): ingest> on 2022-11-18 21:15:19.838427+00:00
[2022-11-18T21:15:25.085+0000] {standard_task_runner.py:55} INFO - Started process 1185 to run task
[2022-11-18T21:15:25.093+0000] {standard_task_runner.py:82} INFO - Running: ['***', 'tasks', 'run', 'LocalIngestionDag', 'ingest', 'manual__2022-11-18T21:15:19.838427+00:00', '--job-id', '87', '--raw', '--subdir', 'DAGS_FOLDER/data_ingestion_local.py', '--cfg-path', '/tmp/tmptgfut1sk']
[2022-11-18T21:15:25.096+0000] {standard_task_runner.py:83} INFO - Job 87: Subtask ingest
[2022-11-18T21:15:25.203+0000] {task_command.py:376} INFO - Running <TaskInstance: LocalIngestionDag.ingest manual__2022-11-18T21:15:19.838427+00:00 [running]> on host b8836091f311
[2022-11-18T21:15:25.256+0000] {warnings.py:110} WARNING - /home/***/.local/lib/python3.7/site-packages/***/utils/context.py:204: AirflowContextDeprecationWarning: Accessing 'execution_date' from the template is deprecated and will be removed in a future version. Please use 'data_interval_start' or 'logical_date' instead.
  warnings.warn(_create_deprecation_warning(key, self._deprecation_replacements[key]))

[2022-11-18T21:15:25.332+0000] {taskinstance.py:1592} INFO - Exporting the following env vars:
AIRFLOW_CTX_DAG_OWNER=***
AIRFLOW_CTX_DAG_ID=LocalIngestionDag
AIRFLOW_CTX_TASK_ID=ingest
AIRFLOW_CTX_EXECUTION_DATE=2022-11-18T21:15:19.838427+00:00
AIRFLOW_CTX_TRY_NUMBER=1
AIRFLOW_CTX_DAG_RUN_ID=manual__2022-11-18T21:15:19.838427+00:00
[2022-11-18T21:15:25.334+0000] {logging_mixin.py:137} INFO - yellow_taxi_2022-11 /opt/***/output_2022-11.csv 2022-11-18T21:15:19.838427+00:00
[2022-11-18T21:15:25.343+0000] {logging_mixin.py:137} INFO - connection established successfully, inserting data...
[2022-11-18T21:15:40.463+0000] {logging_mixin.py:137} INFO - inserted the first chunk, took 15.119 second
[2022-11-18T21:15:54.406+0000] {logging_mixin.py:137} INFO - inserted another chunk, took 13.943 second
[2022-11-18T21:16:08.205+0000] {logging_mixin.py:137} INFO - inserted another chunk, took 13.798 second
[2022-11-18T21:16:22.442+0000] {logging_mixin.py:137} INFO - inserted another chunk, took 14.237 second
[2022-11-18T21:16:36.467+0000] {logging_mixin.py:137} INFO - inserted another chunk, took 14.024 second
[2022-11-18T21:16:50.143+0000] {logging_mixin.py:137} INFO - inserted another chunk, took 13.676 second
[2022-11-18T21:17:04.219+0000] {logging_mixin.py:137} INFO - inserted another chunk, took 14.076 second
[2022-11-18T21:17:18.077+0000] {logging_mixin.py:137} INFO - inserted another chunk, took 13.857 second
[2022-11-18T21:17:32.762+0000] {logging_mixin.py:137} INFO - inserted another chunk, took 14.684 second
[2022-11-18T21:17:47.196+0000] {logging_mixin.py:137} INFO - inserted another chunk, took 14.433 second
[2022-11-18T21:18:01.340+0000] {logging_mixin.py:137} INFO - inserted another chunk, took 14.144 second
[2022-11-18T21:18:15.467+0000] {logging_mixin.py:137} INFO - inserted another chunk, took 14.126 second
[2022-11-18T21:18:15.685+0000] {warnings.py:110} WARNING - /home/***/.local/lib/python3.7/site-packages/***/operators/python.py:175: DtypeWarning: Columns (6) have mixed types.Specify dtype option on import or set low_memory=False.
  return_value = self.execute_callable()

[2022-11-18T21:18:29.762+0000] {logging_mixin.py:137} INFO - inserted another chunk, took 14.294 second
[2022-11-18T21:18:48.159+0000] {logging_mixin.py:137} INFO - inserted another chunk, took 18.396 second
[2022-11-18T21:18:48.159+0000] {logging_mixin.py:137} INFO - completed
[2022-11-18T21:18:48.162+0000] {python.py:177} INFO - Done. Returned value was: None
[2022-11-18T21:18:48.217+0000] {taskinstance.py:1406} INFO - Marking task as SUCCESS. dag_id=LocalIngestionDag, task_id=ingest, execution_date=20221118T211519, start_date=20221118T211525, end_date=20221118T211848
[2022-11-18T21:18:48.389+0000] {local_task_job.py:159} INFO - Task exited with return code 0
[2022-11-18T21:18:48.522+0000] {taskinstance.py:2623} INFO - 0 downstream tasks scheduled from follow-on schedule check
