[2022-11-18T20:16:48.103+0000] {taskinstance.py:1165} INFO - Dependencies all met for <TaskInstance: LocalIngestionDag.wget manual__2022-11-18T20:16:46.896469+00:00 [queued]>
[2022-11-18T20:16:48.117+0000] {taskinstance.py:1165} INFO - Dependencies all met for <TaskInstance: LocalIngestionDag.wget manual__2022-11-18T20:16:46.896469+00:00 [queued]>
[2022-11-18T20:16:48.118+0000] {taskinstance.py:1362} INFO - 
--------------------------------------------------------------------------------
[2022-11-18T20:16:48.118+0000] {taskinstance.py:1363} INFO - Starting attempt 1 of 1
[2022-11-18T20:16:48.118+0000] {taskinstance.py:1364} INFO - 
--------------------------------------------------------------------------------
[2022-11-18T20:16:48.138+0000] {taskinstance.py:1383} INFO - Executing <Task(BashOperator): wget> on 2022-11-18 20:16:46.896469+00:00
[2022-11-18T20:16:48.146+0000] {standard_task_runner.py:55} INFO - Started process 69574 to run task
[2022-11-18T20:16:48.152+0000] {standard_task_runner.py:82} INFO - Running: ['***', 'tasks', 'run', 'LocalIngestionDag', 'wget', 'manual__2022-11-18T20:16:46.896469+00:00', '--job-id', '74', '--raw', '--subdir', 'DAGS_FOLDER/data_ingestion_local.py', '--cfg-path', '/tmp/tmpy6o90sty']
[2022-11-18T20:16:48.153+0000] {standard_task_runner.py:83} INFO - Job 74: Subtask wget
[2022-11-18T20:16:48.269+0000] {task_command.py:376} INFO - Running <TaskInstance: LocalIngestionDag.wget manual__2022-11-18T20:16:46.896469+00:00 [running]> on host 2f138cf78b7c
[2022-11-18T20:16:48.388+0000] {taskinstance.py:1592} INFO - Exporting the following env vars:
AIRFLOW_CTX_DAG_OWNER=***
AIRFLOW_CTX_DAG_ID=LocalIngestionDag
AIRFLOW_CTX_TASK_ID=wget
AIRFLOW_CTX_EXECUTION_DATE=2022-11-18T20:16:46.896469+00:00
AIRFLOW_CTX_TRY_NUMBER=1
AIRFLOW_CTX_DAG_RUN_ID=manual__2022-11-18T20:16:46.896469+00:00
[2022-11-18T20:16:48.390+0000] {subprocess.py:63} INFO - Tmp dir root location: 
 /tmp
[2022-11-18T20:16:48.391+0000] {subprocess.py:75} INFO - Running command: ['/bin/bash', '-c', 'curl -sSL https://github.com/DataTalksClub/nyc-tlc-data/releases/download/yellow/yellow_tripdata_2021-01.csv.gz > OUTPUT_FILE_TEMPLATE && echo  OUTPUT_FILE_TEMPLATE']
[2022-11-18T20:16:48.407+0000] {subprocess.py:86} INFO - Output:
[2022-11-18T20:16:48.782+0000] {subprocess.py:93} INFO - OUTPUT_FILE_TEMPLATE
[2022-11-18T20:16:48.782+0000] {subprocess.py:97} INFO - Command exited with return code 0
[2022-11-18T20:16:48.828+0000] {taskinstance.py:1406} INFO - Marking task as SUCCESS. dag_id=LocalIngestionDag, task_id=wget, execution_date=20221118T201646, start_date=20221118T201648, end_date=20221118T201648
[2022-11-18T20:16:48.887+0000] {local_task_job.py:159} INFO - Task exited with return code 0
[2022-11-18T20:16:48.926+0000] {taskinstance.py:2623} INFO - 1 downstream tasks scheduled from follow-on schedule check
