[2022-11-19T17:41:47.181+0000] {taskinstance.py:1165} INFO - Dependencies all met for <TaskInstance: yellow_taxi_data_v2.rm_task scheduled__2020-07-02T06:00:00+00:00 [queued]>
[2022-11-19T17:41:47.202+0000] {taskinstance.py:1165} INFO - Dependencies all met for <TaskInstance: yellow_taxi_data_v2.rm_task scheduled__2020-07-02T06:00:00+00:00 [queued]>
[2022-11-19T17:41:47.203+0000] {taskinstance.py:1362} INFO - 
--------------------------------------------------------------------------------
[2022-11-19T17:41:47.203+0000] {taskinstance.py:1363} INFO - Starting attempt 1 of 2
[2022-11-19T17:41:47.203+0000] {taskinstance.py:1364} INFO - 
--------------------------------------------------------------------------------
[2022-11-19T17:41:47.238+0000] {taskinstance.py:1383} INFO - Executing <Task(BashOperator): rm_task> on 2020-07-02 06:00:00+00:00
[2022-11-19T17:41:47.257+0000] {standard_task_runner.py:55} INFO - Started process 58816 to run task
[2022-11-19T17:41:47.282+0000] {standard_task_runner.py:82} INFO - Running: ['***', 'tasks', 'run', 'yellow_taxi_data_v2', 'rm_task', 'scheduled__2020-07-02T06:00:00+00:00', '--job-id', '324', '--raw', '--subdir', 'DAGS_FOLDER/data_ingestion_homework.py', '--cfg-path', '/tmp/tmpsx73px40']
[2022-11-19T17:41:47.295+0000] {standard_task_runner.py:83} INFO - Job 324: Subtask rm_task
[2022-11-19T17:41:47.608+0000] {task_command.py:376} INFO - Running <TaskInstance: yellow_taxi_data_v2.rm_task scheduled__2020-07-02T06:00:00+00:00 [running]> on host b8836091f311
[2022-11-19T17:41:47.750+0000] {warnings.py:110} WARNING - /home/***/.local/lib/python3.7/site-packages/***/utils/context.py:204: AirflowContextDeprecationWarning: Accessing 'execution_date' from the template is deprecated and will be removed in a future version. Please use 'data_interval_start' or 'logical_date' instead.
  warnings.warn(_create_deprecation_warning(key, self._deprecation_replacements[key]))

[2022-11-19T17:41:47.882+0000] {taskinstance.py:1592} INFO - Exporting the following env vars:
AIRFLOW_CTX_DAG_OWNER=***
AIRFLOW_CTX_DAG_ID=yellow_taxi_data_v2
AIRFLOW_CTX_TASK_ID=rm_task
AIRFLOW_CTX_EXECUTION_DATE=2020-07-02T06:00:00+00:00
AIRFLOW_CTX_TRY_NUMBER=1
AIRFLOW_CTX_DAG_RUN_ID=scheduled__2020-07-02T06:00:00+00:00
[2022-11-19T17:41:47.884+0000] {subprocess.py:63} INFO - Tmp dir root location: 
 /tmp
[2022-11-19T17:41:47.885+0000] {subprocess.py:75} INFO - Running command: ['/bin/bash', '-c', 'rm /opt/***/yellow_tripdata_2020-07.parquet']
[2022-11-19T17:41:47.926+0000] {subprocess.py:86} INFO - Output:
[2022-11-19T17:41:47.946+0000] {subprocess.py:97} INFO - Command exited with return code 0
[2022-11-19T17:41:48.027+0000] {taskinstance.py:1406} INFO - Marking task as SUCCESS. dag_id=yellow_taxi_data_v2, task_id=rm_task, execution_date=20200702T060000, start_date=20221119T174147, end_date=20221119T174148
[2022-11-19T17:41:48.072+0000] {local_task_job.py:159} INFO - Task exited with return code 0
[2022-11-19T17:41:48.128+0000] {taskinstance.py:2623} INFO - 0 downstream tasks scheduled from follow-on schedule check
