[2022-11-18T19:47:44.958+0000] {taskinstance.py:1165} INFO - Dependencies all met for <TaskInstance: LocalIngestionDag.ingest scheduled__2021-03-02T06:00:00+00:00 [queued]>
[2022-11-18T19:47:45.048+0000] {taskinstance.py:1165} INFO - Dependencies all met for <TaskInstance: LocalIngestionDag.ingest scheduled__2021-03-02T06:00:00+00:00 [queued]>
[2022-11-18T19:47:45.049+0000] {taskinstance.py:1362} INFO - 
--------------------------------------------------------------------------------
[2022-11-18T19:47:45.049+0000] {taskinstance.py:1363} INFO - Starting attempt 1 of 1
[2022-11-18T19:47:45.049+0000] {taskinstance.py:1364} INFO - 
--------------------------------------------------------------------------------
[2022-11-18T19:47:45.211+0000] {taskinstance.py:1383} INFO - Executing <Task(BashOperator): ingest> on 2021-03-02 06:00:00+00:00
[2022-11-18T19:47:45.241+0000] {standard_task_runner.py:55} INFO - Started process 68112 to run task
[2022-11-18T19:47:45.301+0000] {standard_task_runner.py:82} INFO - Running: ['***', 'tasks', 'run', 'LocalIngestionDag', 'ingest', 'scheduled__2021-03-02T06:00:00+00:00', '--job-id', '37', '--raw', '--subdir', 'DAGS_FOLDER/data_ingestion_local.py', '--cfg-path', '/tmp/tmpdsk_xodg']
[2022-11-18T19:47:45.331+0000] {standard_task_runner.py:83} INFO - Job 37: Subtask ingest
[2022-11-18T19:47:46.345+0000] {task_command.py:376} INFO - Running <TaskInstance: LocalIngestionDag.ingest scheduled__2021-03-02T06:00:00+00:00 [running]> on host 2f138cf78b7c
[2022-11-18T19:47:47.183+0000] {taskinstance.py:1592} INFO - Exporting the following env vars:
AIRFLOW_CTX_DAG_OWNER=***
AIRFLOW_CTX_DAG_ID=LocalIngestionDag
AIRFLOW_CTX_TASK_ID=ingest
AIRFLOW_CTX_EXECUTION_DATE=2021-03-02T06:00:00+00:00
AIRFLOW_CTX_TRY_NUMBER=1
AIRFLOW_CTX_DAG_RUN_ID=scheduled__2021-03-02T06:00:00+00:00
[2022-11-18T19:47:47.190+0000] {subprocess.py:63} INFO - Tmp dir root location: 
 /tmp
[2022-11-18T19:47:47.192+0000] {subprocess.py:75} INFO - Running command: ['/bin/bash', '-c', 'pwd']
[2022-11-18T19:47:47.598+0000] {subprocess.py:86} INFO - Output:
[2022-11-18T19:47:47.682+0000] {subprocess.py:93} INFO - /tmp/***tmpffdd2n19
[2022-11-18T19:47:47.684+0000] {subprocess.py:97} INFO - Command exited with return code 0
[2022-11-18T19:47:48.072+0000] {taskinstance.py:1406} INFO - Marking task as SUCCESS. dag_id=LocalIngestionDag, task_id=ingest, execution_date=20210302T060000, start_date=20221118T194744, end_date=20221118T194748
[2022-11-18T19:47:48.603+0000] {local_task_job.py:159} INFO - Task exited with return code 0
[2022-11-18T19:47:48.992+0000] {taskinstance.py:2623} INFO - 0 downstream tasks scheduled from follow-on schedule check
