[2022-11-17T19:51:32.316+0000] {taskinstance.py:1165} INFO - Dependencies all met for <TaskInstance: data_ingestion_gcs_dag.bigquery_external_table_task scheduled__2022-11-16T00:00:00+00:00 [queued]>
[2022-11-17T19:51:32.331+0000] {taskinstance.py:1165} INFO - Dependencies all met for <TaskInstance: data_ingestion_gcs_dag.bigquery_external_table_task scheduled__2022-11-16T00:00:00+00:00 [queued]>
[2022-11-17T19:51:32.331+0000] {taskinstance.py:1362} INFO - 
--------------------------------------------------------------------------------
[2022-11-17T19:51:32.331+0000] {taskinstance.py:1363} INFO - Starting attempt 1 of 2
[2022-11-17T19:51:32.331+0000] {taskinstance.py:1364} INFO - 
--------------------------------------------------------------------------------
[2022-11-17T19:51:32.349+0000] {taskinstance.py:1383} INFO - Executing <Task(BigQueryCreateExternalTableOperator): bigquery_external_table_task> on 2022-11-16 00:00:00+00:00
[2022-11-17T19:51:32.358+0000] {standard_task_runner.py:55} INFO - Started process 1509 to run task
[2022-11-17T19:51:32.367+0000] {standard_task_runner.py:82} INFO - Running: ['***', 'tasks', 'run', 'data_ingestion_gcs_dag', 'bigquery_external_table_task', 'scheduled__2022-11-16T00:00:00+00:00', '--job-id', '6', '--raw', '--subdir', 'DAGS_FOLDER/data_ingestion_gcs_dag.py', '--cfg-path', '/tmp/tmpxx2jencb']
[2022-11-17T19:51:32.373+0000] {standard_task_runner.py:83} INFO - Job 6: Subtask bigquery_external_table_task
[2022-11-17T19:51:32.472+0000] {task_command.py:376} INFO - Running <TaskInstance: data_ingestion_gcs_dag.bigquery_external_table_task scheduled__2022-11-16T00:00:00+00:00 [running]> on host 2f138cf78b7c
[2022-11-17T19:51:32.574+0000] {taskinstance.py:1592} INFO - Exporting the following env vars:
AIRFLOW_CTX_DAG_OWNER=***
AIRFLOW_CTX_DAG_ID=data_ingestion_gcs_dag
AIRFLOW_CTX_TASK_ID=bigquery_external_table_task
AIRFLOW_CTX_EXECUTION_DATE=2022-11-16T00:00:00+00:00
AIRFLOW_CTX_TRY_NUMBER=1
AIRFLOW_CTX_DAG_RUN_ID=scheduled__2022-11-16T00:00:00+00:00
[2022-11-17T19:51:32.577+0000] {crypto.py:84} WARNING - empty cryptography key - values will not be stored encrypted.
[2022-11-17T19:51:32.578+0000] {base.py:71} INFO - Using connection ID 'google_cloud_default' for task execution.
[2022-11-17T19:51:33.087+0000] {taskinstance.py:1406} INFO - Marking task as SUCCESS. dag_id=data_ingestion_gcs_dag, task_id=bigquery_external_table_task, execution_date=20221116T000000, start_date=20221117T195132, end_date=20221117T195133
[2022-11-17T19:51:33.190+0000] {local_task_job.py:159} INFO - Task exited with return code 0
[2022-11-17T19:51:33.356+0000] {taskinstance.py:2623} INFO - 0 downstream tasks scheduled from follow-on schedule check
