[2022-11-18T21:07:16.612+0000] {taskinstance.py:1165} INFO - Dependencies all met for <TaskInstance: LocalIngestionDag.wget manual__2022-11-18T21:07:13.832728+00:00 [queued]>
[2022-11-18T21:07:16.626+0000] {taskinstance.py:1165} INFO - Dependencies all met for <TaskInstance: LocalIngestionDag.wget manual__2022-11-18T21:07:13.832728+00:00 [queued]>
[2022-11-18T21:07:16.627+0000] {taskinstance.py:1362} INFO - 
--------------------------------------------------------------------------------
[2022-11-18T21:07:16.627+0000] {taskinstance.py:1363} INFO - Starting attempt 1 of 1
[2022-11-18T21:07:16.627+0000] {taskinstance.py:1364} INFO - 
--------------------------------------------------------------------------------
[2022-11-18T21:07:16.650+0000] {taskinstance.py:1383} INFO - Executing <Task(BashOperator): wget> on 2022-11-18 21:07:13.832728+00:00
[2022-11-18T21:07:16.659+0000] {standard_task_runner.py:55} INFO - Started process 756 to run task
[2022-11-18T21:07:16.666+0000] {standard_task_runner.py:82} INFO - Running: ['***', 'tasks', 'run', 'LocalIngestionDag', 'wget', 'manual__2022-11-18T21:07:13.832728+00:00', '--job-id', '80', '--raw', '--subdir', 'DAGS_FOLDER/data_ingestion_local.py', '--cfg-path', '/tmp/tmpo3w7f51k']
[2022-11-18T21:07:16.670+0000] {standard_task_runner.py:83} INFO - Job 80: Subtask wget
[2022-11-18T21:07:16.775+0000] {task_command.py:376} INFO - Running <TaskInstance: LocalIngestionDag.wget manual__2022-11-18T21:07:13.832728+00:00 [running]> on host b8836091f311
[2022-11-18T21:07:16.831+0000] {warnings.py:110} WARNING - /home/***/.local/lib/python3.7/site-packages/***/utils/context.py:204: AirflowContextDeprecationWarning: Accessing 'execution_date' from the template is deprecated and will be removed in a future version. Please use 'data_interval_start' or 'logical_date' instead.
  warnings.warn(_create_deprecation_warning(key, self._deprecation_replacements[key]))

[2022-11-18T21:07:16.891+0000] {taskinstance.py:1592} INFO - Exporting the following env vars:
AIRFLOW_CTX_DAG_OWNER=***
AIRFLOW_CTX_DAG_ID=LocalIngestionDag
AIRFLOW_CTX_TASK_ID=wget
AIRFLOW_CTX_EXECUTION_DATE=2022-11-18T21:07:13.832728+00:00
AIRFLOW_CTX_TRY_NUMBER=1
AIRFLOW_CTX_DAG_RUN_ID=manual__2022-11-18T21:07:13.832728+00:00
[2022-11-18T21:07:16.893+0000] {subprocess.py:63} INFO - Tmp dir root location: 
 /tmp
[2022-11-18T21:07:16.894+0000] {subprocess.py:75} INFO - Running command: ['/bin/bash', '-c', 'curl -sSL https://github.com/DataTalksClub/nyc-tlc-data/releases/download/yellow/yellow_tripdata_2021-01.csv.gz > /opt/***/output_2022-11.csv.gz && gunzip -f /opt/***/output_2022-11.csv.gz']
[2022-11-18T21:07:16.913+0000] {subprocess.py:86} INFO - Output:
[2022-11-18T21:07:20.313+0000] {subprocess.py:97} INFO - Command exited with return code 0
[2022-11-18T21:07:20.359+0000] {taskinstance.py:1406} INFO - Marking task as SUCCESS. dag_id=LocalIngestionDag, task_id=wget, execution_date=20221118T210713, start_date=20221118T210716, end_date=20221118T210720
[2022-11-18T21:07:20.416+0000] {local_task_job.py:159} INFO - Task exited with return code 0
[2022-11-18T21:07:20.450+0000] {taskinstance.py:2623} INFO - 1 downstream tasks scheduled from follow-on schedule check
