[2022-11-18T19:48:03.998+0000] {taskinstance.py:1165} INFO - Dependencies all met for <TaskInstance: LocalIngestionDag.ingest scheduled__2022-05-02T06:00:00+00:00 [queued]>
[2022-11-18T19:48:04.057+0000] {taskinstance.py:1165} INFO - Dependencies all met for <TaskInstance: LocalIngestionDag.ingest scheduled__2022-05-02T06:00:00+00:00 [queued]>
[2022-11-18T19:48:04.058+0000] {taskinstance.py:1362} INFO - 
--------------------------------------------------------------------------------
[2022-11-18T19:48:04.058+0000] {taskinstance.py:1363} INFO - Starting attempt 1 of 1
[2022-11-18T19:48:04.059+0000] {taskinstance.py:1364} INFO - 
--------------------------------------------------------------------------------
[2022-11-18T19:48:04.158+0000] {taskinstance.py:1383} INFO - Executing <Task(BashOperator): ingest> on 2022-05-02 06:00:00+00:00
[2022-11-18T19:48:04.167+0000] {standard_task_runner.py:55} INFO - Started process 68183 to run task
[2022-11-18T19:48:04.182+0000] {standard_task_runner.py:82} INFO - Running: ['***', 'tasks', 'run', 'LocalIngestionDag', 'ingest', 'scheduled__2022-05-02T06:00:00+00:00', '--job-id', '56', '--raw', '--subdir', 'DAGS_FOLDER/data_ingestion_local.py', '--cfg-path', '/tmp/tmp17_cy7ud']
[2022-11-18T19:48:04.183+0000] {standard_task_runner.py:83} INFO - Job 56: Subtask ingest
[2022-11-18T19:48:04.495+0000] {task_command.py:376} INFO - Running <TaskInstance: LocalIngestionDag.ingest scheduled__2022-05-02T06:00:00+00:00 [running]> on host 2f138cf78b7c
[2022-11-18T19:48:04.911+0000] {taskinstance.py:1592} INFO - Exporting the following env vars:
AIRFLOW_CTX_DAG_OWNER=***
AIRFLOW_CTX_DAG_ID=LocalIngestionDag
AIRFLOW_CTX_TASK_ID=ingest
AIRFLOW_CTX_EXECUTION_DATE=2022-05-02T06:00:00+00:00
AIRFLOW_CTX_TRY_NUMBER=1
AIRFLOW_CTX_DAG_RUN_ID=scheduled__2022-05-02T06:00:00+00:00
[2022-11-18T19:48:04.914+0000] {subprocess.py:63} INFO - Tmp dir root location: 
 /tmp
[2022-11-18T19:48:04.915+0000] {subprocess.py:75} INFO - Running command: ['/bin/bash', '-c', 'pwd']
[2022-11-18T19:48:04.989+0000] {subprocess.py:86} INFO - Output:
[2022-11-18T19:48:04.999+0000] {subprocess.py:93} INFO - /tmp/***tmpu2puwx0z
[2022-11-18T19:48:05.003+0000] {subprocess.py:97} INFO - Command exited with return code 0
[2022-11-18T19:48:05.167+0000] {taskinstance.py:1406} INFO - Marking task as SUCCESS. dag_id=LocalIngestionDag, task_id=ingest, execution_date=20220502T060000, start_date=20221118T194804, end_date=20221118T194805
[2022-11-18T19:48:05.324+0000] {local_task_job.py:159} INFO - Task exited with return code 0
[2022-11-18T19:48:05.398+0000] {taskinstance.py:2623} INFO - 0 downstream tasks scheduled from follow-on schedule check
