[2022-11-17T19:06:09.531+0000] {manager.py:483} INFO - Processing files using up to 2 processes at a time 
[2022-11-17T19:06:09.535+0000] {manager.py:484} INFO - Process each file at most once every 30 seconds
[2022-11-17T19:06:09.535+0000] {manager.py:486} INFO - Checking for new files in /opt/airflow/dags every 300 seconds
[2022-11-17T19:06:09.535+0000] {manager.py:724} INFO - Searching for files in /opt/airflow/dags
[2022-11-17T19:06:09.537+0000] {manager.py:727} INFO - There are 0 files in /opt/airflow/dags
[2022-11-17T19:11:09.965+0000] {manager.py:724} INFO - Searching for files in /opt/airflow/dags
[2022-11-17T19:11:09.966+0000] {manager.py:727} INFO - There are 0 files in /opt/airflow/dags
[2022-11-17T19:16:10.329+0000] {manager.py:724} INFO - Searching for files in /opt/airflow/dags
[2022-11-17T19:16:10.330+0000] {manager.py:727} INFO - There are 0 files in /opt/airflow/dags
[2022-11-17T19:17:56.960+0000] {manager.py:465} INFO - Exiting gracefully upon receiving signal 15
[2022-11-17T19:20:30.913+0000] {manager.py:483} INFO - Processing files using up to 2 processes at a time 
[2022-11-17T19:20:30.922+0000] {manager.py:484} INFO - Process each file at most once every 30 seconds
[2022-11-17T19:20:30.923+0000] {manager.py:486} INFO - Checking for new files in /opt/airflow/dags every 300 seconds
[2022-11-17T19:20:30.923+0000] {manager.py:724} INFO - Searching for files in /opt/airflow/dags
[2022-11-17T19:20:30.926+0000] {manager.py:727} INFO - There are 0 files in /opt/airflow/dags
[2022-11-17T19:25:31.353+0000] {manager.py:724} INFO - Searching for files in /opt/airflow/dags
[2022-11-17T19:25:31.354+0000] {manager.py:727} INFO - There are 0 files in /opt/airflow/dags
[2022-11-17T19:30:31.713+0000] {manager.py:724} INFO - Searching for files in /opt/airflow/dags
[2022-11-17T19:30:31.714+0000] {manager.py:727} INFO - There are 0 files in /opt/airflow/dags
[2022-11-17T19:35:32.104+0000] {manager.py:724} INFO - Searching for files in /opt/airflow/dags
[2022-11-17T19:35:32.105+0000] {manager.py:727} INFO - There are 0 files in /opt/airflow/dags
[2022-11-17T19:40:32.483+0000] {manager.py:724} INFO - Searching for files in /opt/airflow/dags
[2022-11-17T19:40:32.484+0000] {manager.py:727} INFO - There are 1 files in /opt/airflow/dags
[2022-11-17T19:40:36.538+0000] {manager.py:846} INFO - 
================================================================================
DAG File Processing Stats

File Path                                    PID    Runtime      # DAGs    # Errors  Last Runtime    Last Run
-------------------------------------------  -----  ---------  --------  ----------  --------------  -------------------
/opt/airflow/dags/data_ingestion_gcs_dag.py                           0           0  2.55s           2022-11-17T19:40:35
================================================================================
[2022-11-17T19:41:06.668+0000] {manager.py:846} INFO - 
================================================================================
DAG File Processing Stats

File Path                                    PID    Runtime      # DAGs    # Errors  Last Runtime    Last Run
-------------------------------------------  -----  ---------  --------  ----------  --------------  -------------------
/opt/airflow/dags/data_ingestion_gcs_dag.py                           0           0  0.91s           2022-11-17T19:41:06
================================================================================
[2022-11-17T19:41:37.236+0000] {manager.py:846} INFO - 
================================================================================
DAG File Processing Stats

File Path                                    PID    Runtime      # DAGs    # Errors  Last Runtime    Last Run
-------------------------------------------  -----  ---------  --------  ----------  --------------  -------------------
/opt/airflow/dags/data_ingestion_gcs_dag.py                           0           1  0.08s           2022-11-17T19:41:26
================================================================================
[2022-11-17T19:42:07.432+0000] {manager.py:846} INFO - 
================================================================================
DAG File Processing Stats

File Path                                    PID    Runtime      # DAGs    # Errors  Last Runtime    Last Run
-------------------------------------------  -----  ---------  --------  ----------  --------------  -------------------
/opt/airflow/dags/data_ingestion_gcs_dag.py                           0           1  0.07s           2022-11-17T19:41:56
================================================================================
[2022-11-17T19:42:37.586+0000] {manager.py:846} INFO - 
================================================================================
DAG File Processing Stats

File Path                                    PID    Runtime      # DAGs    # Errors  Last Runtime    Last Run
-------------------------------------------  -----  ---------  --------  ----------  --------------  -------------------
/opt/airflow/dags/data_ingestion_gcs_dag.py                           0           1  0.06s           2022-11-17T19:42:26
================================================================================
[2022-11-17T19:43:07.748+0000] {manager.py:846} INFO - 
================================================================================
DAG File Processing Stats

File Path                                    PID    Runtime      # DAGs    # Errors  Last Runtime    Last Run
-------------------------------------------  -----  ---------  --------  ----------  --------------  -------------------
/opt/airflow/dags/data_ingestion_gcs_dag.py                           0           1  0.06s           2022-11-17T19:42:56
================================================================================
[2022-11-17T19:43:37.919+0000] {manager.py:846} INFO - 
================================================================================
DAG File Processing Stats

File Path                                    PID    Runtime      # DAGs    # Errors  Last Runtime    Last Run
-------------------------------------------  -----  ---------  --------  ----------  --------------  -------------------
/opt/airflow/dags/data_ingestion_gcs_dag.py                           0           1  0.07s           2022-11-17T19:43:26
================================================================================
[2022-11-17T19:44:08.078+0000] {manager.py:846} INFO - 
================================================================================
DAG File Processing Stats

File Path                                    PID    Runtime      # DAGs    # Errors  Last Runtime    Last Run
-------------------------------------------  -----  ---------  --------  ----------  --------------  -------------------
/opt/airflow/dags/data_ingestion_gcs_dag.py                           1           0  0.99s           2022-11-17T19:43:55
================================================================================
[2022-11-17T19:44:38.235+0000] {manager.py:846} INFO - 
================================================================================
DAG File Processing Stats

File Path                                      PID  Runtime      # DAGs    # Errors  Last Runtime    Last Run
-------------------------------------------  -----  ---------  --------  ----------  --------------  -------------------
/opt/airflow/dags/data_ingestion_gcs_dag.py   1198  0.01s             1           0  1.17s           2022-11-17T19:44:26
================================================================================
[2022-11-17T19:45:08.426+0000] {manager.py:846} INFO - 
================================================================================
DAG File Processing Stats

File Path                                    PID    Runtime      # DAGs    # Errors  Last Runtime    Last Run
-------------------------------------------  -----  ---------  --------  ----------  --------------  -------------------
/opt/airflow/dags/data_ingestion_gcs_dag.py                           1           0  0.97s           2022-11-17T19:45:08
================================================================================
[2022-11-17T19:45:32.537+0000] {manager.py:724} INFO - Searching for files in /opt/airflow/dags
[2022-11-17T19:45:32.539+0000] {manager.py:727} INFO - There are 1 files in /opt/airflow/dags
[2022-11-17T19:45:38.599+0000] {manager.py:846} INFO - 
================================================================================
DAG File Processing Stats

File Path                                      PID  Runtime      # DAGs    # Errors  Last Runtime    Last Run
-------------------------------------------  -----  ---------  --------  ----------  --------------  -------------------
/opt/airflow/dags/data_ingestion_gcs_dag.py   1251  0.01s             0           1  0.08s           2022-11-17T19:45:35
================================================================================
[2022-11-17T19:46:08.752+0000] {manager.py:846} INFO - 
================================================================================
DAG File Processing Stats

File Path                                    PID    Runtime      # DAGs    # Errors  Last Runtime    Last Run
-------------------------------------------  -----  ---------  --------  ----------  --------------  -------------------
/opt/airflow/dags/data_ingestion_gcs_dag.py                           1           0  1.05s           2022-11-17T19:45:42
================================================================================
[2022-11-17T19:46:38.886+0000] {manager.py:846} INFO - 
================================================================================
DAG File Processing Stats

File Path                                    PID    Runtime      # DAGs    # Errors  Last Runtime    Last Run
-------------------------------------------  -----  ---------  --------  ----------  --------------  -------------------
/opt/airflow/dags/data_ingestion_gcs_dag.py                           1           0  0.97s           2022-11-17T19:46:25
================================================================================
[2022-11-17T19:47:09.065+0000] {manager.py:846} INFO - 
================================================================================
DAG File Processing Stats

File Path                                      PID  Runtime      # DAGs    # Errors  Last Runtime    Last Run
-------------------------------------------  -----  ---------  --------  ----------  --------------  -------------------
/opt/airflow/dags/data_ingestion_gcs_dag.py   1333  0.01s             1           0  1.24s           2022-11-17T19:46:57
================================================================================
[2022-11-17T19:47:39.193+0000] {manager.py:846} INFO - 
================================================================================
DAG File Processing Stats

File Path                                    PID    Runtime      # DAGs    # Errors  Last Runtime    Last Run
-------------------------------------------  -----  ---------  --------  ----------  --------------  -------------------
/opt/airflow/dags/data_ingestion_gcs_dag.py                           1           0  0.98s           2022-11-17T19:47:12
================================================================================
[2022-11-17T19:48:09.515+0000] {manager.py:846} INFO - 
================================================================================
DAG File Processing Stats

File Path                                    PID    Runtime      # DAGs    # Errors  Last Runtime    Last Run
-------------------------------------------  -----  ---------  --------  ----------  --------------  -------------------
/opt/airflow/dags/data_ingestion_gcs_dag.py                           1           0  1.32s           2022-11-17T19:47:43
================================================================================
[2022-11-17T19:48:39.965+0000] {manager.py:846} INFO - 
================================================================================
DAG File Processing Stats

File Path                                    PID    Runtime      # DAGs    # Errors  Last Runtime    Last Run
-------------------------------------------  -----  ---------  --------  ----------  --------------  -------------------
/opt/airflow/dags/data_ingestion_gcs_dag.py                           1           0  1.06s           2022-11-17T19:48:14
================================================================================
[2022-11-17T19:49:10.097+0000] {manager.py:846} INFO - 
================================================================================
DAG File Processing Stats

File Path                                    PID    Runtime      # DAGs    # Errors  Last Runtime    Last Run
-------------------------------------------  -----  ---------  --------  ----------  --------------  -------------------
/opt/airflow/dags/data_ingestion_gcs_dag.py                           1           0  0.99s           2022-11-17T19:48:45
================================================================================
[2022-11-17T19:49:40.267+0000] {manager.py:846} INFO - 
================================================================================
DAG File Processing Stats

File Path                                    PID    Runtime      # DAGs    # Errors  Last Runtime    Last Run
-------------------------------------------  -----  ---------  --------  ----------  --------------  -------------------
/opt/airflow/dags/data_ingestion_gcs_dag.py                           1           0  1.03s           2022-11-17T19:49:17
================================================================================
[2022-11-17T19:50:10.498+0000] {manager.py:846} INFO - 
================================================================================
DAG File Processing Stats

File Path                                    PID    Runtime      # DAGs    # Errors  Last Runtime    Last Run
-------------------------------------------  -----  ---------  --------  ----------  --------------  -------------------
/opt/airflow/dags/data_ingestion_gcs_dag.py                           1           0  1.01s           2022-11-17T19:50:00
================================================================================
[2022-11-17T19:50:32.617+0000] {manager.py:724} INFO - Searching for files in /opt/airflow/dags
[2022-11-17T19:50:32.619+0000] {manager.py:727} INFO - There are 1 files in /opt/airflow/dags
[2022-11-17T19:50:40.670+0000] {manager.py:846} INFO - 
================================================================================
DAG File Processing Stats

File Path                                    PID    Runtime      # DAGs    # Errors  Last Runtime    Last Run
-------------------------------------------  -----  ---------  --------  ----------  --------------  -------------------
/opt/airflow/dags/data_ingestion_gcs_dag.py                           1           0  1.07s           2022-11-17T19:50:14
================================================================================
[2022-11-17T19:51:10.838+0000] {manager.py:846} INFO - 
================================================================================
DAG File Processing Stats

File Path                                    PID    Runtime      # DAGs    # Errors  Last Runtime    Last Run
-------------------------------------------  -----  ---------  --------  ----------  --------------  -------------------
/opt/airflow/dags/data_ingestion_gcs_dag.py                           1           0  1.06s           2022-11-17T19:50:45
================================================================================
[2022-11-17T19:51:41.080+0000] {manager.py:846} INFO - 
================================================================================
DAG File Processing Stats

File Path                                    PID    Runtime      # DAGs    # Errors  Last Runtime    Last Run
-------------------------------------------  -----  ---------  --------  ----------  --------------  -------------------
/opt/airflow/dags/data_ingestion_gcs_dag.py                           1           0  1.32s           2022-11-17T19:51:17
================================================================================
[2022-11-17T19:52:11.590+0000] {manager.py:846} INFO - 
================================================================================
DAG File Processing Stats

File Path                                    PID    Runtime      # DAGs    # Errors  Last Runtime    Last Run
-------------------------------------------  -----  ---------  --------  ----------  --------------  -------------------
/opt/airflow/dags/data_ingestion_gcs_dag.py                           1           0  2.23s           2022-11-17T19:51:49
================================================================================
[2022-11-17T19:52:41.945+0000] {manager.py:846} INFO - 
================================================================================
DAG File Processing Stats

File Path                                    PID    Runtime      # DAGs    # Errors  Last Runtime    Last Run
-------------------------------------------  -----  ---------  --------  ----------  --------------  -------------------
/opt/airflow/dags/data_ingestion_gcs_dag.py                           1           0  1.06s           2022-11-17T19:52:20
================================================================================
[2022-11-17T19:53:12.132+0000] {manager.py:846} INFO - 
================================================================================
DAG File Processing Stats

File Path                                    PID    Runtime      # DAGs    # Errors  Last Runtime    Last Run
-------------------------------------------  -----  ---------  --------  ----------  --------------  -------------------
/opt/airflow/dags/data_ingestion_gcs_dag.py                           1           0  1.12s           2022-11-17T19:53:09
================================================================================
[2022-11-17T19:53:42.287+0000] {manager.py:846} INFO - 
================================================================================
DAG File Processing Stats

File Path                                    PID    Runtime      # DAGs    # Errors  Last Runtime    Last Run
-------------------------------------------  -----  ---------  --------  ----------  --------------  -------------------
/opt/airflow/dags/data_ingestion_gcs_dag.py                           1           0  1.03s           2022-11-17T19:53:40
================================================================================
[2022-11-17T19:54:12.444+0000] {manager.py:846} INFO - 
================================================================================
DAG File Processing Stats

File Path                                    PID    Runtime      # DAGs    # Errors  Last Runtime    Last Run
-------------------------------------------  -----  ---------  --------  ----------  --------------  -------------------
/opt/airflow/dags/data_ingestion_gcs_dag.py                           1           0  1.15s           2022-11-17T19:54:11
================================================================================
[2022-11-17T19:54:42.596+0000] {manager.py:846} INFO - 
================================================================================
DAG File Processing Stats

File Path                                      PID  Runtime      # DAGs    # Errors  Last Runtime    Last Run
-------------------------------------------  -----  ---------  --------  ----------  --------------  -------------------
/opt/airflow/dags/data_ingestion_gcs_dag.py   1706  1.01s             1           0  1.15s           2022-11-17T19:54:11
================================================================================
[2022-11-17T19:55:12.752+0000] {manager.py:846} INFO - 
================================================================================
DAG File Processing Stats

File Path                                      PID  Runtime      # DAGs    # Errors  Last Runtime    Last Run
-------------------------------------------  -----  ---------  --------  ----------  --------------  -------------------
/opt/airflow/dags/data_ingestion_gcs_dag.py   1726  0.01s             1           0  1.09s           2022-11-17T19:54:42
================================================================================
[2022-11-17T19:55:32.851+0000] {manager.py:724} INFO - Searching for files in /opt/airflow/dags
[2022-11-17T19:55:32.853+0000] {manager.py:727} INFO - There are 1 files in /opt/airflow/dags
[2022-11-17T19:55:42.913+0000] {manager.py:846} INFO - 
================================================================================
DAG File Processing Stats

File Path                                    PID    Runtime      # DAGs    # Errors  Last Runtime    Last Run
-------------------------------------------  -----  ---------  --------  ----------  --------------  -------------------
/opt/airflow/dags/data_ingestion_gcs_dag.py                           1           0  1.05s           2022-11-17T19:55:13
================================================================================
[2022-11-17T19:56:13.078+0000] {manager.py:846} INFO - 
================================================================================
DAG File Processing Stats

File Path                                    PID    Runtime      # DAGs    # Errors  Last Runtime    Last Run
-------------------------------------------  -----  ---------  --------  ----------  --------------  -------------------
/opt/airflow/dags/data_ingestion_gcs_dag.py                           1           0  1.04s           2022-11-17T19:55:44
================================================================================
[2022-11-17T19:56:43.241+0000] {manager.py:846} INFO - 
================================================================================
DAG File Processing Stats

File Path                                    PID    Runtime      # DAGs    # Errors  Last Runtime    Last Run
-------------------------------------------  -----  ---------  --------  ----------  --------------  -------------------
/opt/airflow/dags/data_ingestion_gcs_dag.py                           1           0  1.03s           2022-11-17T19:56:16
================================================================================
[2022-11-17T19:57:13.417+0000] {manager.py:846} INFO - 
================================================================================
DAG File Processing Stats

File Path                                    PID    Runtime      # DAGs    # Errors  Last Runtime    Last Run
-------------------------------------------  -----  ---------  --------  ----------  --------------  -------------------
/opt/airflow/dags/data_ingestion_gcs_dag.py                           1           0  1.08s           2022-11-17T19:56:55
================================================================================
[2022-11-17T19:57:43.627+0000] {manager.py:846} INFO - 
================================================================================
DAG File Processing Stats

File Path                                    PID    Runtime      # DAGs    # Errors  Last Runtime    Last Run
-------------------------------------------  -----  ---------  --------  ----------  --------------  -------------------
/opt/airflow/dags/data_ingestion_gcs_dag.py                           1           0  1.52s           2022-11-17T19:57:26
================================================================================
[2022-11-17T19:58:14.214+0000] {manager.py:846} INFO - 
================================================================================
DAG File Processing Stats

File Path                                    PID    Runtime      # DAGs    # Errors  Last Runtime    Last Run
-------------------------------------------  -----  ---------  --------  ----------  --------------  -------------------
/opt/airflow/dags/data_ingestion_gcs_dag.py                           1           0  1.18s           2022-11-17T19:57:58
================================================================================
[2022-11-17T19:58:44.355+0000] {manager.py:846} INFO - 
================================================================================
DAG File Processing Stats

File Path                                    PID    Runtime      # DAGs    # Errors  Last Runtime    Last Run
-------------------------------------------  -----  ---------  --------  ----------  --------------  -------------------
/opt/airflow/dags/data_ingestion_gcs_dag.py                           1           0  1.00s           2022-11-17T19:58:29
================================================================================
[2022-11-17T19:59:14.631+0000] {manager.py:846} INFO - 
================================================================================
DAG File Processing Stats

File Path                                    PID    Runtime      # DAGs    # Errors  Last Runtime    Last Run
-------------------------------------------  -----  ---------  --------  ----------  --------------  -------------------
/opt/airflow/dags/data_ingestion_gcs_dag.py                           1           0  1.03s           2022-11-17T19:59:00
================================================================================
[2022-11-17T19:59:44.794+0000] {manager.py:846} INFO - 
================================================================================
DAG File Processing Stats

File Path                                    PID    Runtime      # DAGs    # Errors  Last Runtime    Last Run
-------------------------------------------  -----  ---------  --------  ----------  --------------  -------------------
/opt/airflow/dags/data_ingestion_gcs_dag.py                           1           0  1.36s           2022-11-17T19:59:32
================================================================================
[2022-11-17T20:00:15.269+0000] {manager.py:846} INFO - 
================================================================================
DAG File Processing Stats

File Path                                    PID    Runtime      # DAGs    # Errors  Last Runtime    Last Run
-------------------------------------------  -----  ---------  --------  ----------  --------------  -------------------
/opt/airflow/dags/data_ingestion_gcs_dag.py                           1           0  1.03s           2022-11-17T20:00:03
================================================================================
[2022-11-17T20:00:33.353+0000] {manager.py:724} INFO - Searching for files in /opt/airflow/dags
[2022-11-17T20:00:33.354+0000] {manager.py:727} INFO - There are 1 files in /opt/airflow/dags
[2022-11-17T20:00:45.439+0000] {manager.py:846} INFO - 
================================================================================
DAG File Processing Stats

File Path                                    PID    Runtime      # DAGs    # Errors  Last Runtime    Last Run
-------------------------------------------  -----  ---------  --------  ----------  --------------  -------------------
/opt/airflow/dags/data_ingestion_gcs_dag.py                           1           0  1.05s           2022-11-17T20:00:34
================================================================================
[2022-11-17T20:01:15.601+0000] {manager.py:846} INFO - 
================================================================================
DAG File Processing Stats

File Path                                    PID    Runtime      # DAGs    # Errors  Last Runtime    Last Run
-------------------------------------------  -----  ---------  --------  ----------  --------------  -------------------
/opt/airflow/dags/data_ingestion_gcs_dag.py                           1           0  1.40s           2022-11-17T20:01:05
================================================================================
[2022-11-17T20:01:46.123+0000] {manager.py:846} INFO - 
================================================================================
DAG File Processing Stats

File Path                                    PID    Runtime      # DAGs    # Errors  Last Runtime    Last Run
-------------------------------------------  -----  ---------  --------  ----------  --------------  -------------------
/opt/airflow/dags/data_ingestion_gcs_dag.py                           1           0  1.02s           2022-11-17T20:01:37
================================================================================
[2022-11-17T20:02:16.386+0000] {manager.py:846} INFO - 
================================================================================
DAG File Processing Stats

File Path                                    PID    Runtime      # DAGs    # Errors  Last Runtime    Last Run
-------------------------------------------  -----  ---------  --------  ----------  --------------  -------------------
/opt/airflow/dags/data_ingestion_gcs_dag.py                           1           0  2.60s           2022-11-17T20:02:09
================================================================================
[2022-11-17T20:02:46.391+0000] {manager.py:846} INFO - 
================================================================================
DAG File Processing Stats

File Path                                    PID    Runtime      # DAGs    # Errors  Last Runtime    Last Run
-------------------------------------------  -----  ---------  --------  ----------  --------------  -------------------
/opt/airflow/dags/data_ingestion_gcs_dag.py                           1           0  1.28s           2022-11-17T20:02:41
================================================================================
[2022-11-17T20:03:16.526+0000] {manager.py:846} INFO - 
================================================================================
DAG File Processing Stats

File Path                                    PID    Runtime      # DAGs    # Errors  Last Runtime    Last Run
-------------------------------------------  -----  ---------  --------  ----------  --------------  -------------------
/opt/airflow/dags/data_ingestion_gcs_dag.py                           1           0  1.09s           2022-11-17T20:03:12
================================================================================
[2022-11-17T20:03:46.679+0000] {manager.py:846} INFO - 
================================================================================
DAG File Processing Stats

File Path                                    PID    Runtime      # DAGs    # Errors  Last Runtime    Last Run
-------------------------------------------  -----  ---------  --------  ----------  --------------  -------------------
/opt/airflow/dags/data_ingestion_gcs_dag.py                           1           0  1.01s           2022-11-17T20:03:43
================================================================================
[2022-11-17T20:04:16.850+0000] {manager.py:846} INFO - 
================================================================================
DAG File Processing Stats

File Path                                    PID    Runtime      # DAGs    # Errors  Last Runtime    Last Run
-------------------------------------------  -----  ---------  --------  ----------  --------------  -------------------
/opt/airflow/dags/data_ingestion_gcs_dag.py                           1           0  1.35s           2022-11-17T20:04:15
================================================================================
[2022-11-17T20:04:47.316+0000] {manager.py:846} INFO - 
================================================================================
DAG File Processing Stats

File Path                                    PID    Runtime      # DAGs    # Errors  Last Runtime    Last Run
-------------------------------------------  -----  ---------  --------  ----------  --------------  -------------------
/opt/airflow/dags/data_ingestion_gcs_dag.py                           1           0  1.03s           2022-11-17T20:04:46
================================================================================
[2022-11-17T20:05:17.470+0000] {manager.py:846} INFO - 
================================================================================
DAG File Processing Stats

File Path                                      PID  Runtime      # DAGs    # Errors  Last Runtime    Last Run
-------------------------------------------  -----  ---------  --------  ----------  --------------  -------------------
/opt/airflow/dags/data_ingestion_gcs_dag.py   2242  1.01s             1           0  1.03s           2022-11-17T20:04:46
================================================================================
[2022-11-17T20:05:33.553+0000] {manager.py:724} INFO - Searching for files in /opt/airflow/dags
[2022-11-17T20:05:33.554+0000] {manager.py:727} INFO - There are 1 files in /opt/airflow/dags
[2022-11-17T20:05:47.644+0000] {manager.py:846} INFO - 
================================================================================
DAG File Processing Stats

File Path                                      PID  Runtime      # DAGs    # Errors  Last Runtime    Last Run
-------------------------------------------  -----  ---------  --------  ----------  --------------  -------------------
/opt/airflow/dags/data_ingestion_gcs_dag.py   2272  0.01s             1           0  1.04s           2022-11-17T20:05:17
================================================================================
