[2022-11-18T20:10:37.018+0000] {taskinstance.py:1165} INFO - Dependencies all met for <TaskInstance: LocalIngestionDag.wget manual__2022-11-18T20:10:35.575491+00:00 [queued]>
[2022-11-18T20:10:37.038+0000] {taskinstance.py:1165} INFO - Dependencies all met for <TaskInstance: LocalIngestionDag.wget manual__2022-11-18T20:10:35.575491+00:00 [queued]>
[2022-11-18T20:10:37.038+0000] {taskinstance.py:1362} INFO - 
--------------------------------------------------------------------------------
[2022-11-18T20:10:37.039+0000] {taskinstance.py:1363} INFO - Starting attempt 1 of 1
[2022-11-18T20:10:37.039+0000] {taskinstance.py:1364} INFO - 
--------------------------------------------------------------------------------
[2022-11-18T20:10:37.073+0000] {taskinstance.py:1383} INFO - Executing <Task(BashOperator): wget> on 2022-11-18 20:10:35.575491+00:00
[2022-11-18T20:10:37.082+0000] {standard_task_runner.py:55} INFO - Started process 69268 to run task
[2022-11-18T20:10:37.088+0000] {standard_task_runner.py:82} INFO - Running: ['***', 'tasks', 'run', 'LocalIngestionDag', 'wget', 'manual__2022-11-18T20:10:35.575491+00:00', '--job-id', '67', '--raw', '--subdir', 'DAGS_FOLDER/data_ingestion_local.py', '--cfg-path', '/tmp/tmpwsgr0ftl']
[2022-11-18T20:10:37.089+0000] {standard_task_runner.py:83} INFO - Job 67: Subtask wget
[2022-11-18T20:10:37.224+0000] {task_command.py:376} INFO - Running <TaskInstance: LocalIngestionDag.wget manual__2022-11-18T20:10:35.575491+00:00 [running]> on host 2f138cf78b7c
[2022-11-18T20:10:37.320+0000] {warnings.py:110} WARNING - /home/***/.local/lib/python3.7/site-packages/***/utils/context.py:204: AirflowContextDeprecationWarning: Accessing 'execution_date' from the template is deprecated and will be removed in a future version. Please use 'data_interval_start' or 'logical_date' instead.
  warnings.warn(_create_deprecation_warning(key, self._deprecation_replacements[key]))

[2022-11-18T20:10:37.402+0000] {taskinstance.py:1592} INFO - Exporting the following env vars:
AIRFLOW_CTX_DAG_OWNER=***
AIRFLOW_CTX_DAG_ID=LocalIngestionDag
AIRFLOW_CTX_TASK_ID=wget
AIRFLOW_CTX_EXECUTION_DATE=2022-11-18T20:10:35.575491+00:00
AIRFLOW_CTX_TRY_NUMBER=1
AIRFLOW_CTX_DAG_RUN_ID=manual__2022-11-18T20:10:35.575491+00:00
[2022-11-18T20:10:37.404+0000] {subprocess.py:63} INFO - Tmp dir root location: 
 /tmp
[2022-11-18T20:10:37.405+0000] {subprocess.py:75} INFO - Running command: ['/bin/bash', '-c', 'echo " 2022-11 " ']
[2022-11-18T20:10:37.422+0000] {subprocess.py:86} INFO - Output:
[2022-11-18T20:10:37.425+0000] {subprocess.py:93} INFO -  2022-11
[2022-11-18T20:10:37.426+0000] {subprocess.py:97} INFO - Command exited with return code 0
[2022-11-18T20:10:37.475+0000] {taskinstance.py:1406} INFO - Marking task as SUCCESS. dag_id=LocalIngestionDag, task_id=wget, execution_date=20221118T201035, start_date=20221118T201037, end_date=20221118T201037
[2022-11-18T20:10:37.501+0000] {local_task_job.py:159} INFO - Task exited with return code 0
[2022-11-18T20:10:37.538+0000] {taskinstance.py:2623} INFO - 1 downstream tasks scheduled from follow-on schedule check
