[2022-11-19T17:41:07.934+0000] {taskinstance.py:1165} INFO - Dependencies all met for <TaskInstance: yellow_taxi_data_v2.local_to_gcs_task scheduled__2019-10-02T06:00:00+00:00 [queued]>
[2022-11-19T17:41:07.956+0000] {taskinstance.py:1165} INFO - Dependencies all met for <TaskInstance: yellow_taxi_data_v2.local_to_gcs_task scheduled__2019-10-02T06:00:00+00:00 [queued]>
[2022-11-19T17:41:07.959+0000] {taskinstance.py:1362} INFO - 
--------------------------------------------------------------------------------
[2022-11-19T17:41:07.960+0000] {taskinstance.py:1363} INFO - Starting attempt 1 of 2
[2022-11-19T17:41:07.961+0000] {taskinstance.py:1364} INFO - 
--------------------------------------------------------------------------------
[2022-11-19T17:41:08.002+0000] {taskinstance.py:1383} INFO - Executing <Task(PythonOperator): local_to_gcs_task> on 2019-10-02 06:00:00+00:00
[2022-11-19T17:41:08.012+0000] {standard_task_runner.py:55} INFO - Started process 58664 to run task
[2022-11-19T17:41:08.026+0000] {standard_task_runner.py:82} INFO - Running: ['***', 'tasks', 'run', 'yellow_taxi_data_v2', 'local_to_gcs_task', 'scheduled__2019-10-02T06:00:00+00:00', '--job-id', '293', '--raw', '--subdir', 'DAGS_FOLDER/data_ingestion_homework.py', '--cfg-path', '/tmp/tmpqf40vd20']
[2022-11-19T17:41:08.030+0000] {standard_task_runner.py:83} INFO - Job 293: Subtask local_to_gcs_task
[2022-11-19T17:41:08.208+0000] {task_command.py:376} INFO - Running <TaskInstance: yellow_taxi_data_v2.local_to_gcs_task scheduled__2019-10-02T06:00:00+00:00 [running]> on host b8836091f311
[2022-11-19T17:41:08.303+0000] {warnings.py:110} WARNING - /home/***/.local/lib/python3.7/site-packages/***/utils/context.py:204: AirflowContextDeprecationWarning: Accessing 'execution_date' from the template is deprecated and will be removed in a future version. Please use 'data_interval_start' or 'logical_date' instead.
  warnings.warn(_create_deprecation_warning(key, self._deprecation_replacements[key]))

[2022-11-19T17:41:08.403+0000] {taskinstance.py:1592} INFO - Exporting the following env vars:
AIRFLOW_CTX_DAG_OWNER=***
AIRFLOW_CTX_DAG_ID=yellow_taxi_data_v2
AIRFLOW_CTX_TASK_ID=local_to_gcs_task
AIRFLOW_CTX_EXECUTION_DATE=2019-10-02T06:00:00+00:00
AIRFLOW_CTX_TRY_NUMBER=1
AIRFLOW_CTX_DAG_RUN_ID=scheduled__2019-10-02T06:00:00+00:00
[2022-11-19T17:41:10.246+0000] {python.py:177} INFO - Done. Returned value was: None
[2022-11-19T17:41:10.291+0000] {taskinstance.py:1406} INFO - Marking task as SUCCESS. dag_id=yellow_taxi_data_v2, task_id=local_to_gcs_task, execution_date=20191002T060000, start_date=20221119T174107, end_date=20221119T174110
[2022-11-19T17:41:10.438+0000] {local_task_job.py:159} INFO - Task exited with return code 0
[2022-11-19T17:41:10.627+0000] {taskinstance.py:2623} INFO - 0 downstream tasks scheduled from follow-on schedule check
