[2022-11-19T17:37:50.224+0000] {taskinstance.py:1165} INFO - Dependencies all met for <TaskInstance: green_taxi_data_v1.local_to_gcs_task scheduled__2021-08-02T07:00:00+00:00 [queued]>
[2022-11-19T17:37:50.245+0000] {taskinstance.py:1165} INFO - Dependencies all met for <TaskInstance: green_taxi_data_v1.local_to_gcs_task scheduled__2021-08-02T07:00:00+00:00 [queued]>
[2022-11-19T17:37:50.246+0000] {taskinstance.py:1362} INFO - 
--------------------------------------------------------------------------------
[2022-11-19T17:37:50.246+0000] {taskinstance.py:1363} INFO - Starting attempt 1 of 2
[2022-11-19T17:37:50.246+0000] {taskinstance.py:1364} INFO - 
--------------------------------------------------------------------------------
[2022-11-19T17:37:50.282+0000] {taskinstance.py:1383} INFO - Executing <Task(PythonOperator): local_to_gcs_task> on 2021-08-02 07:00:00+00:00
[2022-11-19T17:37:50.293+0000] {standard_task_runner.py:55} INFO - Started process 58209 to run task
[2022-11-19T17:37:50.301+0000] {standard_task_runner.py:82} INFO - Running: ['***', 'tasks', 'run', 'green_taxi_data_v1', 'local_to_gcs_task', 'scheduled__2021-08-02T07:00:00+00:00', '--job-id', '223', '--raw', '--subdir', 'DAGS_FOLDER/data_ingestion_homework.py', '--cfg-path', '/tmp/tmp4nue005p']
[2022-11-19T17:37:50.306+0000] {standard_task_runner.py:83} INFO - Job 223: Subtask local_to_gcs_task
[2022-11-19T17:37:50.441+0000] {task_command.py:376} INFO - Running <TaskInstance: green_taxi_data_v1.local_to_gcs_task scheduled__2021-08-02T07:00:00+00:00 [running]> on host b8836091f311
[2022-11-19T17:37:50.512+0000] {warnings.py:110} WARNING - /home/***/.local/lib/python3.7/site-packages/***/utils/context.py:204: AirflowContextDeprecationWarning: Accessing 'execution_date' from the template is deprecated and will be removed in a future version. Please use 'data_interval_start' or 'logical_date' instead.
  warnings.warn(_create_deprecation_warning(key, self._deprecation_replacements[key]))

[2022-11-19T17:37:50.582+0000] {taskinstance.py:1592} INFO - Exporting the following env vars:
AIRFLOW_CTX_DAG_OWNER=***
AIRFLOW_CTX_DAG_ID=green_taxi_data_v1
AIRFLOW_CTX_TASK_ID=local_to_gcs_task
AIRFLOW_CTX_EXECUTION_DATE=2021-08-02T07:00:00+00:00
AIRFLOW_CTX_TRY_NUMBER=1
AIRFLOW_CTX_DAG_RUN_ID=scheduled__2021-08-02T07:00:00+00:00
[2022-11-19T17:37:50.910+0000] {python.py:177} INFO - Done. Returned value was: None
[2022-11-19T17:37:50.937+0000] {taskinstance.py:1406} INFO - Marking task as SUCCESS. dag_id=green_taxi_data_v1, task_id=local_to_gcs_task, execution_date=20210802T070000, start_date=20221119T173750, end_date=20221119T173750
[2022-11-19T17:37:51.015+0000] {local_task_job.py:159} INFO - Task exited with return code 0
[2022-11-19T17:37:51.069+0000] {taskinstance.py:2623} INFO - 1 downstream tasks scheduled from follow-on schedule check
