[2022-11-17T19:57:32.999+0000] {taskinstance.py:1165} INFO - Dependencies all met for <TaskInstance: data_ingestion_gcs_dag.bigquery_external_table_task manual__2022-11-17T19:57:15.209046+00:00 [queued]>
[2022-11-17T19:57:33.014+0000] {taskinstance.py:1165} INFO - Dependencies all met for <TaskInstance: data_ingestion_gcs_dag.bigquery_external_table_task manual__2022-11-17T19:57:15.209046+00:00 [queued]>
[2022-11-17T19:57:33.015+0000] {taskinstance.py:1362} INFO - 
--------------------------------------------------------------------------------
[2022-11-17T19:57:33.015+0000] {taskinstance.py:1363} INFO - Starting attempt 1 of 2
[2022-11-17T19:57:33.015+0000] {taskinstance.py:1364} INFO - 
--------------------------------------------------------------------------------
[2022-11-17T19:57:33.038+0000] {taskinstance.py:1383} INFO - Executing <Task(BigQueryCreateExternalTableOperator): bigquery_external_table_task> on 2022-11-17 19:57:15.209046+00:00
[2022-11-17T19:57:33.048+0000] {standard_task_runner.py:55} INFO - Started process 1820 to run task
[2022-11-17T19:57:33.055+0000] {standard_task_runner.py:82} INFO - Running: ['***', 'tasks', 'run', 'data_ingestion_gcs_dag', 'bigquery_external_table_task', 'manual__2022-11-17T19:57:15.209046+00:00', '--job-id', '12', '--raw', '--subdir', 'DAGS_FOLDER/data_ingestion_gcs_dag.py', '--cfg-path', '/tmp/tmpiqv1n0ff']
[2022-11-17T19:57:33.058+0000] {standard_task_runner.py:83} INFO - Job 12: Subtask bigquery_external_table_task
[2022-11-17T19:57:33.159+0000] {task_command.py:376} INFO - Running <TaskInstance: data_ingestion_gcs_dag.bigquery_external_table_task manual__2022-11-17T19:57:15.209046+00:00 [running]> on host 2f138cf78b7c
[2022-11-17T19:57:33.264+0000] {taskinstance.py:1592} INFO - Exporting the following env vars:
AIRFLOW_CTX_DAG_OWNER=***
AIRFLOW_CTX_DAG_ID=data_ingestion_gcs_dag
AIRFLOW_CTX_TASK_ID=bigquery_external_table_task
AIRFLOW_CTX_EXECUTION_DATE=2022-11-17T19:57:15.209046+00:00
AIRFLOW_CTX_TRY_NUMBER=1
AIRFLOW_CTX_DAG_RUN_ID=manual__2022-11-17T19:57:15.209046+00:00
[2022-11-17T19:57:33.267+0000] {crypto.py:84} WARNING - empty cryptography key - values will not be stored encrypted.
[2022-11-17T19:57:33.268+0000] {base.py:71} INFO - Using connection ID 'google_cloud_default' for task execution.
[2022-11-17T19:57:33.693+0000] {taskinstance.py:1406} INFO - Marking task as SUCCESS. dag_id=data_ingestion_gcs_dag, task_id=bigquery_external_table_task, execution_date=20221117T195715, start_date=20221117T195733, end_date=20221117T195733
[2022-11-17T19:57:33.749+0000] {local_task_job.py:159} INFO - Task exited with return code 0
[2022-11-17T19:57:33.777+0000] {taskinstance.py:2623} INFO - 0 downstream tasks scheduled from follow-on schedule check
