[2022-11-18T19:47:51.568+0000] {taskinstance.py:1165} INFO - Dependencies all met for <TaskInstance: LocalIngestionDag.ingest scheduled__2022-03-02T06:00:00+00:00 [queued]>
[2022-11-18T19:47:51.644+0000] {taskinstance.py:1165} INFO - Dependencies all met for <TaskInstance: LocalIngestionDag.ingest scheduled__2022-03-02T06:00:00+00:00 [queued]>
[2022-11-18T19:47:51.647+0000] {taskinstance.py:1362} INFO - 
--------------------------------------------------------------------------------
[2022-11-18T19:47:51.648+0000] {taskinstance.py:1363} INFO - Starting attempt 1 of 1
[2022-11-18T19:47:51.651+0000] {taskinstance.py:1364} INFO - 
--------------------------------------------------------------------------------
[2022-11-18T19:47:51.806+0000] {taskinstance.py:1383} INFO - Executing <Task(BashOperator): ingest> on 2022-03-02 06:00:00+00:00
[2022-11-18T19:47:51.850+0000] {standard_task_runner.py:55} INFO - Started process 68140 to run task
[2022-11-18T19:47:51.947+0000] {standard_task_runner.py:82} INFO - Running: ['***', 'tasks', 'run', 'LocalIngestionDag', 'ingest', 'scheduled__2022-03-02T06:00:00+00:00', '--job-id', '48', '--raw', '--subdir', 'DAGS_FOLDER/data_ingestion_local.py', '--cfg-path', '/tmp/tmpckm4tx3z']
[2022-11-18T19:47:51.960+0000] {standard_task_runner.py:83} INFO - Job 48: Subtask ingest
[2022-11-18T19:47:52.252+0000] {task_command.py:376} INFO - Running <TaskInstance: LocalIngestionDag.ingest scheduled__2022-03-02T06:00:00+00:00 [running]> on host 2f138cf78b7c
[2022-11-18T19:47:52.512+0000] {taskinstance.py:1592} INFO - Exporting the following env vars:
AIRFLOW_CTX_DAG_OWNER=***
AIRFLOW_CTX_DAG_ID=LocalIngestionDag
AIRFLOW_CTX_TASK_ID=ingest
AIRFLOW_CTX_EXECUTION_DATE=2022-03-02T06:00:00+00:00
AIRFLOW_CTX_TRY_NUMBER=1
AIRFLOW_CTX_DAG_RUN_ID=scheduled__2022-03-02T06:00:00+00:00
[2022-11-18T19:47:52.519+0000] {subprocess.py:63} INFO - Tmp dir root location: 
 /tmp
[2022-11-18T19:47:52.520+0000] {subprocess.py:75} INFO - Running command: ['/bin/bash', '-c', 'pwd']
[2022-11-18T19:47:52.546+0000] {subprocess.py:86} INFO - Output:
[2022-11-18T19:47:52.555+0000] {subprocess.py:93} INFO - /tmp/***tmpuqibifiq
[2022-11-18T19:47:52.556+0000] {subprocess.py:97} INFO - Command exited with return code 0
[2022-11-18T19:47:52.630+0000] {taskinstance.py:1406} INFO - Marking task as SUCCESS. dag_id=LocalIngestionDag, task_id=ingest, execution_date=20220302T060000, start_date=20221118T194751, end_date=20221118T194752
[2022-11-18T19:47:52.666+0000] {local_task_job.py:159} INFO - Task exited with return code 0
[2022-11-18T19:47:52.753+0000] {taskinstance.py:2623} INFO - 0 downstream tasks scheduled from follow-on schedule check
