[2022-11-19T17:34:14.904+0000] {taskinstance.py:1165} INFO - Dependencies all met for <TaskInstance: green_taxi_data_v1.local_to_gcs_task scheduled__2019-09-02T07:00:00+00:00 [queued]>
[2022-11-19T17:34:14.919+0000] {taskinstance.py:1165} INFO - Dependencies all met for <TaskInstance: green_taxi_data_v1.local_to_gcs_task scheduled__2019-09-02T07:00:00+00:00 [queued]>
[2022-11-19T17:34:14.920+0000] {taskinstance.py:1362} INFO - 
--------------------------------------------------------------------------------
[2022-11-19T17:34:14.920+0000] {taskinstance.py:1363} INFO - Starting attempt 1 of 2
[2022-11-19T17:34:14.920+0000] {taskinstance.py:1364} INFO - 
--------------------------------------------------------------------------------
[2022-11-19T17:34:14.954+0000] {taskinstance.py:1383} INFO - Executing <Task(PythonOperator): local_to_gcs_task> on 2019-09-02 07:00:00+00:00
[2022-11-19T17:34:14.987+0000] {standard_task_runner.py:55} INFO - Started process 57609 to run task
[2022-11-19T17:34:14.995+0000] {standard_task_runner.py:82} INFO - Running: ['***', 'tasks', 'run', 'green_taxi_data_v1', 'local_to_gcs_task', 'scheduled__2019-09-02T07:00:00+00:00', '--job-id', '118', '--raw', '--subdir', 'DAGS_FOLDER/data_ingestion_homework.py', '--cfg-path', '/tmp/tmpcrvsyp9s']
[2022-11-19T17:34:14.999+0000] {standard_task_runner.py:83} INFO - Job 118: Subtask local_to_gcs_task
[2022-11-19T17:34:15.117+0000] {task_command.py:376} INFO - Running <TaskInstance: green_taxi_data_v1.local_to_gcs_task scheduled__2019-09-02T07:00:00+00:00 [running]> on host b8836091f311
[2022-11-19T17:34:15.181+0000] {warnings.py:110} WARNING - /home/***/.local/lib/python3.7/site-packages/***/utils/context.py:204: AirflowContextDeprecationWarning: Accessing 'execution_date' from the template is deprecated and will be removed in a future version. Please use 'data_interval_start' or 'logical_date' instead.
  warnings.warn(_create_deprecation_warning(key, self._deprecation_replacements[key]))

[2022-11-19T17:34:15.254+0000] {taskinstance.py:1592} INFO - Exporting the following env vars:
AIRFLOW_CTX_DAG_OWNER=***
AIRFLOW_CTX_DAG_ID=green_taxi_data_v1
AIRFLOW_CTX_TASK_ID=local_to_gcs_task
AIRFLOW_CTX_EXECUTION_DATE=2019-09-02T07:00:00+00:00
AIRFLOW_CTX_TRY_NUMBER=1
AIRFLOW_CTX_DAG_RUN_ID=scheduled__2019-09-02T07:00:00+00:00
[2022-11-19T17:34:15.708+0000] {python.py:177} INFO - Done. Returned value was: None
[2022-11-19T17:34:15.731+0000] {taskinstance.py:1406} INFO - Marking task as SUCCESS. dag_id=green_taxi_data_v1, task_id=local_to_gcs_task, execution_date=20190902T070000, start_date=20221119T173414, end_date=20221119T173415
[2022-11-19T17:34:15.810+0000] {local_task_job.py:159} INFO - Task exited with return code 0
[2022-11-19T17:34:15.850+0000] {taskinstance.py:2623} INFO - 1 downstream tasks scheduled from follow-on schedule check
