[2022-11-18T21:12:52.699+0000] {taskinstance.py:1165} INFO - Dependencies all met for <TaskInstance: LocalIngestionDag.wget manual__2022-11-18T21:12:51.160814+00:00 [queued]>
[2022-11-18T21:12:52.715+0000] {taskinstance.py:1165} INFO - Dependencies all met for <TaskInstance: LocalIngestionDag.wget manual__2022-11-18T21:12:51.160814+00:00 [queued]>
[2022-11-18T21:12:52.715+0000] {taskinstance.py:1362} INFO - 
--------------------------------------------------------------------------------
[2022-11-18T21:12:52.715+0000] {taskinstance.py:1363} INFO - Starting attempt 1 of 1
[2022-11-18T21:12:52.715+0000] {taskinstance.py:1364} INFO - 
--------------------------------------------------------------------------------
[2022-11-18T21:12:52.735+0000] {taskinstance.py:1383} INFO - Executing <Task(BashOperator): wget> on 2022-11-18 21:12:51.160814+00:00
[2022-11-18T21:12:52.744+0000] {standard_task_runner.py:55} INFO - Started process 1041 to run task
[2022-11-18T21:12:52.751+0000] {standard_task_runner.py:82} INFO - Running: ['***', 'tasks', 'run', 'LocalIngestionDag', 'wget', 'manual__2022-11-18T21:12:51.160814+00:00', '--job-id', '84', '--raw', '--subdir', 'DAGS_FOLDER/data_ingestion_local.py', '--cfg-path', '/tmp/tmp2hym2eca']
[2022-11-18T21:12:52.758+0000] {standard_task_runner.py:83} INFO - Job 84: Subtask wget
[2022-11-18T21:12:52.874+0000] {task_command.py:376} INFO - Running <TaskInstance: LocalIngestionDag.wget manual__2022-11-18T21:12:51.160814+00:00 [running]> on host b8836091f311
[2022-11-18T21:12:52.936+0000] {warnings.py:110} WARNING - /home/***/.local/lib/python3.7/site-packages/***/utils/context.py:204: AirflowContextDeprecationWarning: Accessing 'execution_date' from the template is deprecated and will be removed in a future version. Please use 'data_interval_start' or 'logical_date' instead.
  warnings.warn(_create_deprecation_warning(key, self._deprecation_replacements[key]))

[2022-11-18T21:12:53.002+0000] {taskinstance.py:1592} INFO - Exporting the following env vars:
AIRFLOW_CTX_DAG_OWNER=***
AIRFLOW_CTX_DAG_ID=LocalIngestionDag
AIRFLOW_CTX_TASK_ID=wget
AIRFLOW_CTX_EXECUTION_DATE=2022-11-18T21:12:51.160814+00:00
AIRFLOW_CTX_TRY_NUMBER=1
AIRFLOW_CTX_DAG_RUN_ID=manual__2022-11-18T21:12:51.160814+00:00
[2022-11-18T21:12:53.004+0000] {subprocess.py:63} INFO - Tmp dir root location: 
 /tmp
[2022-11-18T21:12:53.005+0000] {subprocess.py:75} INFO - Running command: ['/bin/bash', '-c', 'curl -sSL https://github.com/DataTalksClub/nyc-tlc-data/releases/download/yellow/yellow_tripdata_2021-01.csv.gz > /opt/***/output_2022-11.csv.gz && gunzip -f /opt/***/output_2022-11.csv.gz']
[2022-11-18T21:12:53.026+0000] {subprocess.py:86} INFO - Output:
[2022-11-18T21:12:55.073+0000] {subprocess.py:97} INFO - Command exited with return code 0
[2022-11-18T21:12:55.114+0000] {taskinstance.py:1406} INFO - Marking task as SUCCESS. dag_id=LocalIngestionDag, task_id=wget, execution_date=20221118T211251, start_date=20221118T211252, end_date=20221118T211255
[2022-11-18T21:12:55.175+0000] {local_task_job.py:159} INFO - Task exited with return code 0
[2022-11-18T21:12:55.220+0000] {taskinstance.py:2623} INFO - 0 downstream tasks scheduled from follow-on schedule check
