[2022-11-19T17:43:44.779+0000] {taskinstance.py:1165} INFO - Dependencies all met for <TaskInstance: yellow_taxi_data_v2.rm_task scheduled__2022-08-02T06:00:00+00:00 [queued]>
[2022-11-19T17:43:44.810+0000] {taskinstance.py:1165} INFO - Dependencies all met for <TaskInstance: yellow_taxi_data_v2.rm_task scheduled__2022-08-02T06:00:00+00:00 [queued]>
[2022-11-19T17:43:44.810+0000] {taskinstance.py:1362} INFO - 
--------------------------------------------------------------------------------
[2022-11-19T17:43:44.810+0000] {taskinstance.py:1363} INFO - Starting attempt 1 of 2
[2022-11-19T17:43:44.811+0000] {taskinstance.py:1364} INFO - 
--------------------------------------------------------------------------------
[2022-11-19T17:43:44.858+0000] {taskinstance.py:1383} INFO - Executing <Task(BashOperator): rm_task> on 2022-08-02 06:00:00+00:00
[2022-11-19T17:43:44.869+0000] {standard_task_runner.py:55} INFO - Started process 59226 to run task
[2022-11-19T17:43:44.887+0000] {standard_task_runner.py:82} INFO - Running: ['***', 'tasks', 'run', 'yellow_taxi_data_v2', 'rm_task', 'scheduled__2022-08-02T06:00:00+00:00', '--job-id', '401', '--raw', '--subdir', 'DAGS_FOLDER/data_ingestion_homework.py', '--cfg-path', '/tmp/tmpd3nfbr0b']
[2022-11-19T17:43:44.891+0000] {standard_task_runner.py:83} INFO - Job 401: Subtask rm_task
[2022-11-19T17:43:45.154+0000] {task_command.py:376} INFO - Running <TaskInstance: yellow_taxi_data_v2.rm_task scheduled__2022-08-02T06:00:00+00:00 [running]> on host b8836091f311
[2022-11-19T17:43:45.248+0000] {warnings.py:110} WARNING - /home/***/.local/lib/python3.7/site-packages/***/utils/context.py:204: AirflowContextDeprecationWarning: Accessing 'execution_date' from the template is deprecated and will be removed in a future version. Please use 'data_interval_start' or 'logical_date' instead.
  warnings.warn(_create_deprecation_warning(key, self._deprecation_replacements[key]))

[2022-11-19T17:43:45.365+0000] {taskinstance.py:1592} INFO - Exporting the following env vars:
AIRFLOW_CTX_DAG_OWNER=***
AIRFLOW_CTX_DAG_ID=yellow_taxi_data_v2
AIRFLOW_CTX_TASK_ID=rm_task
AIRFLOW_CTX_EXECUTION_DATE=2022-08-02T06:00:00+00:00
AIRFLOW_CTX_TRY_NUMBER=1
AIRFLOW_CTX_DAG_RUN_ID=scheduled__2022-08-02T06:00:00+00:00
[2022-11-19T17:43:45.367+0000] {subprocess.py:63} INFO - Tmp dir root location: 
 /tmp
[2022-11-19T17:43:45.369+0000] {subprocess.py:75} INFO - Running command: ['/bin/bash', '-c', 'rm /opt/***/yellow_tripdata_2022-08.parquet']
[2022-11-19T17:43:45.414+0000] {subprocess.py:86} INFO - Output:
[2022-11-19T17:43:45.474+0000] {subprocess.py:97} INFO - Command exited with return code 0
[2022-11-19T17:43:45.602+0000] {taskinstance.py:1406} INFO - Marking task as SUCCESS. dag_id=yellow_taxi_data_v2, task_id=rm_task, execution_date=20220802T060000, start_date=20221119T174344, end_date=20221119T174345
[2022-11-19T17:43:45.674+0000] {local_task_job.py:159} INFO - Task exited with return code 0
[2022-11-19T17:43:45.839+0000] {taskinstance.py:2623} INFO - 0 downstream tasks scheduled from follow-on schedule check
