[2022-11-18T20:12:24.353+0000] {taskinstance.py:1165} INFO - Dependencies all met for <TaskInstance: LocalIngestionDag.ingest manual__2022-11-18T20:12:21.682717+00:00 [queued]>
[2022-11-18T20:12:24.368+0000] {taskinstance.py:1165} INFO - Dependencies all met for <TaskInstance: LocalIngestionDag.ingest manual__2022-11-18T20:12:21.682717+00:00 [queued]>
[2022-11-18T20:12:24.369+0000] {taskinstance.py:1362} INFO - 
--------------------------------------------------------------------------------
[2022-11-18T20:12:24.369+0000] {taskinstance.py:1363} INFO - Starting attempt 1 of 1
[2022-11-18T20:12:24.369+0000] {taskinstance.py:1364} INFO - 
--------------------------------------------------------------------------------
[2022-11-18T20:12:24.389+0000] {taskinstance.py:1383} INFO - Executing <Task(BashOperator): ingest> on 2022-11-18 20:12:21.682717+00:00
[2022-11-18T20:12:24.397+0000] {standard_task_runner.py:55} INFO - Started process 69367 to run task
[2022-11-18T20:12:24.404+0000] {standard_task_runner.py:82} INFO - Running: ['***', 'tasks', 'run', 'LocalIngestionDag', 'ingest', 'manual__2022-11-18T20:12:21.682717+00:00', '--job-id', '72', '--raw', '--subdir', 'DAGS_FOLDER/data_ingestion_local.py', '--cfg-path', '/tmp/tmp787vuqci']
[2022-11-18T20:12:24.404+0000] {standard_task_runner.py:83} INFO - Job 72: Subtask ingest
[2022-11-18T20:12:24.510+0000] {task_command.py:376} INFO - Running <TaskInstance: LocalIngestionDag.ingest manual__2022-11-18T20:12:21.682717+00:00 [running]> on host 2f138cf78b7c
[2022-11-18T20:12:24.623+0000] {taskinstance.py:1592} INFO - Exporting the following env vars:
AIRFLOW_CTX_DAG_OWNER=***
AIRFLOW_CTX_DAG_ID=LocalIngestionDag
AIRFLOW_CTX_TASK_ID=ingest
AIRFLOW_CTX_EXECUTION_DATE=2022-11-18T20:12:21.682717+00:00
AIRFLOW_CTX_TRY_NUMBER=1
AIRFLOW_CTX_DAG_RUN_ID=manual__2022-11-18T20:12:21.682717+00:00
[2022-11-18T20:12:24.625+0000] {subprocess.py:63} INFO - Tmp dir root location: 
 /tmp
[2022-11-18T20:12:24.626+0000] {subprocess.py:75} INFO - Running command: ['/bin/bash', '-c', 'ls /opt/***']
[2022-11-18T20:12:24.642+0000] {subprocess.py:86} INFO - Output:
[2022-11-18T20:12:24.648+0000] {subprocess.py:93} INFO - ***-worker.pid
[2022-11-18T20:12:24.648+0000] {subprocess.py:93} INFO - ***.cfg
[2022-11-18T20:12:24.648+0000] {subprocess.py:93} INFO - dags
[2022-11-18T20:12:24.648+0000] {subprocess.py:93} INFO - logs
[2022-11-18T20:12:24.648+0000] {subprocess.py:93} INFO - output.csv
[2022-11-18T20:12:24.648+0000] {subprocess.py:93} INFO - plugins
[2022-11-18T20:12:24.649+0000] {subprocess.py:93} INFO - requirements.txt
[2022-11-18T20:12:24.649+0000] {subprocess.py:93} INFO - scripts
[2022-11-18T20:12:24.649+0000] {subprocess.py:93} INFO - webserver_config.py
[2022-11-18T20:12:24.649+0000] {subprocess.py:93} INFO - yellow_tripdata_2021-01.csv
[2022-11-18T20:12:24.649+0000] {subprocess.py:93} INFO - yellow_tripdata_2021-01.parquet
[2022-11-18T20:12:24.649+0000] {subprocess.py:97} INFO - Command exited with return code 0
[2022-11-18T20:12:24.689+0000] {taskinstance.py:1406} INFO - Marking task as SUCCESS. dag_id=LocalIngestionDag, task_id=ingest, execution_date=20221118T201221, start_date=20221118T201224, end_date=20221118T201224
[2022-11-18T20:12:24.735+0000] {local_task_job.py:159} INFO - Task exited with return code 0
[2022-11-18T20:12:24.762+0000] {taskinstance.py:2623} INFO - 0 downstream tasks scheduled from follow-on schedule check
