[2022-11-18T21:08:25.689+0000] {taskinstance.py:1165} INFO - Dependencies all met for <TaskInstance: LocalIngestionDag.ingest manual__2022-11-18T21:08:21.010856+00:00 [queued]>
[2022-11-18T21:08:25.703+0000] {taskinstance.py:1165} INFO - Dependencies all met for <TaskInstance: LocalIngestionDag.ingest manual__2022-11-18T21:08:21.010856+00:00 [queued]>
[2022-11-18T21:08:25.703+0000] {taskinstance.py:1362} INFO - 
--------------------------------------------------------------------------------
[2022-11-18T21:08:25.703+0000] {taskinstance.py:1363} INFO - Starting attempt 1 of 1
[2022-11-18T21:08:25.703+0000] {taskinstance.py:1364} INFO - 
--------------------------------------------------------------------------------
[2022-11-18T21:08:25.724+0000] {taskinstance.py:1383} INFO - Executing <Task(PythonOperator): ingest> on 2022-11-18 21:08:21.010856+00:00
[2022-11-18T21:08:25.732+0000] {standard_task_runner.py:55} INFO - Started process 826 to run task
[2022-11-18T21:08:25.739+0000] {standard_task_runner.py:82} INFO - Running: ['***', 'tasks', 'run', 'LocalIngestionDag', 'ingest', 'manual__2022-11-18T21:08:21.010856+00:00', '--job-id', '83', '--raw', '--subdir', 'DAGS_FOLDER/data_ingestion_local.py', '--cfg-path', '/tmp/tmpw4gy4f_e']
[2022-11-18T21:08:25.743+0000] {standard_task_runner.py:83} INFO - Job 83: Subtask ingest
[2022-11-18T21:08:25.840+0000] {task_command.py:376} INFO - Running <TaskInstance: LocalIngestionDag.ingest manual__2022-11-18T21:08:21.010856+00:00 [running]> on host b8836091f311
[2022-11-18T21:08:25.891+0000] {warnings.py:110} WARNING - /home/***/.local/lib/python3.7/site-packages/***/utils/context.py:204: AirflowContextDeprecationWarning: Accessing 'execution_date' from the template is deprecated and will be removed in a future version. Please use 'data_interval_start' or 'logical_date' instead.
  warnings.warn(_create_deprecation_warning(key, self._deprecation_replacements[key]))

[2022-11-18T21:08:25.952+0000] {taskinstance.py:1592} INFO - Exporting the following env vars:
AIRFLOW_CTX_DAG_OWNER=***
AIRFLOW_CTX_DAG_ID=LocalIngestionDag
AIRFLOW_CTX_TASK_ID=ingest
AIRFLOW_CTX_EXECUTION_DATE=2022-11-18T21:08:21.010856+00:00
AIRFLOW_CTX_TRY_NUMBER=1
AIRFLOW_CTX_DAG_RUN_ID=manual__2022-11-18T21:08:21.010856+00:00
[2022-11-18T21:08:25.953+0000] {logging_mixin.py:137} INFO - ??? /opt/***/output_2022-11.csv.gz
[2022-11-18T21:08:25.962+0000] {logging_mixin.py:137} INFO - connection established successfully, inserting data...
[2022-11-18T21:08:25.963+0000] {python.py:177} INFO - Done. Returned value was: None
[2022-11-18T21:08:25.977+0000] {taskinstance.py:1406} INFO - Marking task as SUCCESS. dag_id=LocalIngestionDag, task_id=ingest, execution_date=20221118T210821, start_date=20221118T210825, end_date=20221118T210825
[2022-11-18T21:08:26.029+0000] {local_task_job.py:159} INFO - Task exited with return code 0
[2022-11-18T21:08:26.060+0000] {taskinstance.py:2623} INFO - 0 downstream tasks scheduled from follow-on schedule check
