[2022-11-19T17:43:24.224+0000] {taskinstance.py:1165} INFO - Dependencies all met for <TaskInstance: yellow_taxi_data_v2.local_to_gcs_task scheduled__2022-05-02T06:00:00+00:00 [queued]>
[2022-11-19T17:43:24.244+0000] {taskinstance.py:1165} INFO - Dependencies all met for <TaskInstance: yellow_taxi_data_v2.local_to_gcs_task scheduled__2022-05-02T06:00:00+00:00 [queued]>
[2022-11-19T17:43:24.245+0000] {taskinstance.py:1362} INFO - 
--------------------------------------------------------------------------------
[2022-11-19T17:43:24.245+0000] {taskinstance.py:1363} INFO - Starting attempt 1 of 2
[2022-11-19T17:43:24.245+0000] {taskinstance.py:1364} INFO - 
--------------------------------------------------------------------------------
[2022-11-19T17:43:24.310+0000] {taskinstance.py:1383} INFO - Executing <Task(PythonOperator): local_to_gcs_task> on 2022-05-02 06:00:00+00:00
[2022-11-19T17:43:24.340+0000] {standard_task_runner.py:55} INFO - Started process 59167 to run task
[2022-11-19T17:43:24.351+0000] {standard_task_runner.py:82} INFO - Running: ['***', 'tasks', 'run', 'yellow_taxi_data_v2', 'local_to_gcs_task', 'scheduled__2022-05-02T06:00:00+00:00', '--job-id', '389', '--raw', '--subdir', 'DAGS_FOLDER/data_ingestion_homework.py', '--cfg-path', '/tmp/tmppierbdj4']
[2022-11-19T17:43:24.355+0000] {standard_task_runner.py:83} INFO - Job 389: Subtask local_to_gcs_task
[2022-11-19T17:43:24.541+0000] {task_command.py:376} INFO - Running <TaskInstance: yellow_taxi_data_v2.local_to_gcs_task scheduled__2022-05-02T06:00:00+00:00 [running]> on host b8836091f311
[2022-11-19T17:43:24.628+0000] {warnings.py:110} WARNING - /home/***/.local/lib/python3.7/site-packages/***/utils/context.py:204: AirflowContextDeprecationWarning: Accessing 'execution_date' from the template is deprecated and will be removed in a future version. Please use 'data_interval_start' or 'logical_date' instead.
  warnings.warn(_create_deprecation_warning(key, self._deprecation_replacements[key]))

[2022-11-19T17:43:24.741+0000] {taskinstance.py:1592} INFO - Exporting the following env vars:
AIRFLOW_CTX_DAG_OWNER=***
AIRFLOW_CTX_DAG_ID=yellow_taxi_data_v2
AIRFLOW_CTX_TASK_ID=local_to_gcs_task
AIRFLOW_CTX_EXECUTION_DATE=2022-05-02T06:00:00+00:00
AIRFLOW_CTX_TRY_NUMBER=1
AIRFLOW_CTX_DAG_RUN_ID=scheduled__2022-05-02T06:00:00+00:00
[2022-11-19T17:43:25.785+0000] {python.py:177} INFO - Done. Returned value was: None
[2022-11-19T17:43:25.819+0000] {taskinstance.py:1406} INFO - Marking task as SUCCESS. dag_id=yellow_taxi_data_v2, task_id=local_to_gcs_task, execution_date=20220502T060000, start_date=20221119T174324, end_date=20221119T174325
[2022-11-19T17:43:25.888+0000] {local_task_job.py:159} INFO - Task exited with return code 0
[2022-11-19T17:43:25.953+0000] {taskinstance.py:2623} INFO - 1 downstream tasks scheduled from follow-on schedule check
