[2022-11-19T17:40:49.168+0000] {taskinstance.py:1165} INFO - Dependencies all met for <TaskInstance: yellow_taxi_data_v2.local_to_gcs_task scheduled__2019-05-02T06:00:00+00:00 [queued]>
[2022-11-19T17:40:49.200+0000] {taskinstance.py:1165} INFO - Dependencies all met for <TaskInstance: yellow_taxi_data_v2.local_to_gcs_task scheduled__2019-05-02T06:00:00+00:00 [queued]>
[2022-11-19T17:40:49.201+0000] {taskinstance.py:1362} INFO - 
--------------------------------------------------------------------------------
[2022-11-19T17:40:49.201+0000] {taskinstance.py:1363} INFO - Starting attempt 1 of 2
[2022-11-19T17:40:49.201+0000] {taskinstance.py:1364} INFO - 
--------------------------------------------------------------------------------
[2022-11-19T17:40:49.238+0000] {taskinstance.py:1383} INFO - Executing <Task(PythonOperator): local_to_gcs_task> on 2019-05-02 06:00:00+00:00
[2022-11-19T17:40:49.251+0000] {standard_task_runner.py:55} INFO - Started process 58599 to run task
[2022-11-19T17:40:49.259+0000] {standard_task_runner.py:82} INFO - Running: ['***', 'tasks', 'run', 'yellow_taxi_data_v2', 'local_to_gcs_task', 'scheduled__2019-05-02T06:00:00+00:00', '--job-id', '280', '--raw', '--subdir', 'DAGS_FOLDER/data_ingestion_homework.py', '--cfg-path', '/tmp/tmpgob2x5dj']
[2022-11-19T17:40:49.263+0000] {standard_task_runner.py:83} INFO - Job 280: Subtask local_to_gcs_task
[2022-11-19T17:40:49.401+0000] {task_command.py:376} INFO - Running <TaskInstance: yellow_taxi_data_v2.local_to_gcs_task scheduled__2019-05-02T06:00:00+00:00 [running]> on host b8836091f311
[2022-11-19T17:40:49.473+0000] {warnings.py:110} WARNING - /home/***/.local/lib/python3.7/site-packages/***/utils/context.py:204: AirflowContextDeprecationWarning: Accessing 'execution_date' from the template is deprecated and will be removed in a future version. Please use 'data_interval_start' or 'logical_date' instead.
  warnings.warn(_create_deprecation_warning(key, self._deprecation_replacements[key]))

[2022-11-19T17:40:49.551+0000] {taskinstance.py:1592} INFO - Exporting the following env vars:
AIRFLOW_CTX_DAG_OWNER=***
AIRFLOW_CTX_DAG_ID=yellow_taxi_data_v2
AIRFLOW_CTX_TASK_ID=local_to_gcs_task
AIRFLOW_CTX_EXECUTION_DATE=2019-05-02T06:00:00+00:00
AIRFLOW_CTX_TRY_NUMBER=1
AIRFLOW_CTX_DAG_RUN_ID=scheduled__2019-05-02T06:00:00+00:00
[2022-11-19T17:40:51.486+0000] {python.py:177} INFO - Done. Returned value was: None
[2022-11-19T17:40:51.518+0000] {taskinstance.py:1406} INFO - Marking task as SUCCESS. dag_id=yellow_taxi_data_v2, task_id=local_to_gcs_task, execution_date=20190502T060000, start_date=20221119T174049, end_date=20221119T174051
[2022-11-19T17:40:51.664+0000] {local_task_job.py:159} INFO - Task exited with return code 0
[2022-11-19T17:40:51.717+0000] {taskinstance.py:2623} INFO - 1 downstream tasks scheduled from follow-on schedule check
