[2022-11-18T19:47:41.560+0000] {taskinstance.py:1165} INFO - Dependencies all met for <TaskInstance: LocalIngestionDag.ingest manual__2022-11-18T19:47:30.323367+00:00 [queued]>
[2022-11-18T19:47:41.738+0000] {taskinstance.py:1165} INFO - Dependencies all met for <TaskInstance: LocalIngestionDag.ingest manual__2022-11-18T19:47:30.323367+00:00 [queued]>
[2022-11-18T19:47:41.739+0000] {taskinstance.py:1362} INFO - 
--------------------------------------------------------------------------------
[2022-11-18T19:47:41.739+0000] {taskinstance.py:1363} INFO - Starting attempt 1 of 1
[2022-11-18T19:47:41.739+0000] {taskinstance.py:1364} INFO - 
--------------------------------------------------------------------------------
[2022-11-18T19:47:41.930+0000] {taskinstance.py:1383} INFO - Executing <Task(BashOperator): ingest> on 2022-11-18 19:47:30.323367+00:00
[2022-11-18T19:47:41.952+0000] {standard_task_runner.py:55} INFO - Started process 68091 to run task
[2022-11-18T19:47:42.012+0000] {standard_task_runner.py:82} INFO - Running: ['***', 'tasks', 'run', 'LocalIngestionDag', 'ingest', 'manual__2022-11-18T19:47:30.323367+00:00', '--job-id', '29', '--raw', '--subdir', 'DAGS_FOLDER/data_ingestion_local.py', '--cfg-path', '/tmp/tmptg22awdn']
[2022-11-18T19:47:42.026+0000] {standard_task_runner.py:83} INFO - Job 29: Subtask ingest
[2022-11-18T19:47:42.881+0000] {task_command.py:376} INFO - Running <TaskInstance: LocalIngestionDag.ingest manual__2022-11-18T19:47:30.323367+00:00 [running]> on host 2f138cf78b7c
[2022-11-18T19:47:44.134+0000] {taskinstance.py:1592} INFO - Exporting the following env vars:
AIRFLOW_CTX_DAG_OWNER=***
AIRFLOW_CTX_DAG_ID=LocalIngestionDag
AIRFLOW_CTX_TASK_ID=ingest
AIRFLOW_CTX_EXECUTION_DATE=2022-11-18T19:47:30.323367+00:00
AIRFLOW_CTX_TRY_NUMBER=1
AIRFLOW_CTX_DAG_RUN_ID=manual__2022-11-18T19:47:30.323367+00:00
[2022-11-18T19:47:44.140+0000] {subprocess.py:63} INFO - Tmp dir root location: 
 /tmp
[2022-11-18T19:47:44.141+0000] {subprocess.py:75} INFO - Running command: ['/bin/bash', '-c', 'pwd']
[2022-11-18T19:47:44.222+0000] {subprocess.py:86} INFO - Output:
[2022-11-18T19:47:44.249+0000] {subprocess.py:93} INFO - /tmp/***tmpew7drclh
[2022-11-18T19:47:44.270+0000] {subprocess.py:97} INFO - Command exited with return code 0
[2022-11-18T19:47:44.387+0000] {taskinstance.py:1406} INFO - Marking task as SUCCESS. dag_id=LocalIngestionDag, task_id=ingest, execution_date=20221118T194730, start_date=20221118T194741, end_date=20221118T194744
[2022-11-18T19:47:44.531+0000] {local_task_job.py:159} INFO - Task exited with return code 0
[2022-11-18T19:47:44.803+0000] {taskinstance.py:2623} INFO - 0 downstream tasks scheduled from follow-on schedule check
