[2022-11-18T20:01:15.361+0000] {taskinstance.py:1165} INFO - Dependencies all met for <TaskInstance: LocalIngestionDag.wget manual__2022-11-18T19:58:17.642454+00:00 [queued]>
[2022-11-18T20:01:15.377+0000] {taskinstance.py:1165} INFO - Dependencies all met for <TaskInstance: LocalIngestionDag.wget manual__2022-11-18T19:58:17.642454+00:00 [queued]>
[2022-11-18T20:01:15.377+0000] {taskinstance.py:1362} INFO - 
--------------------------------------------------------------------------------
[2022-11-18T20:01:15.377+0000] {taskinstance.py:1363} INFO - Starting attempt 2 of 2
[2022-11-18T20:01:15.377+0000] {taskinstance.py:1364} INFO - 
--------------------------------------------------------------------------------
[2022-11-18T20:01:15.401+0000] {taskinstance.py:1383} INFO - Executing <Task(BashOperator): wget> on 2022-11-18 19:58:17.642454+00:00
[2022-11-18T20:01:15.408+0000] {standard_task_runner.py:55} INFO - Started process 68801 to run task
[2022-11-18T20:01:15.415+0000] {standard_task_runner.py:82} INFO - Running: ['***', 'tasks', 'run', 'LocalIngestionDag', 'wget', 'manual__2022-11-18T19:58:17.642454+00:00', '--job-id', '64', '--raw', '--subdir', 'DAGS_FOLDER/data_ingestion_local.py', '--cfg-path', '/tmp/tmpbjwajynv']
[2022-11-18T20:01:15.416+0000] {standard_task_runner.py:83} INFO - Job 64: Subtask wget
[2022-11-18T20:01:15.515+0000] {task_command.py:376} INFO - Running <TaskInstance: LocalIngestionDag.wget manual__2022-11-18T19:58:17.642454+00:00 [running]> on host 2f138cf78b7c
[2022-11-18T20:01:15.621+0000] {taskinstance.py:1592} INFO - Exporting the following env vars:
AIRFLOW_CTX_DAG_OWNER=***
AIRFLOW_CTX_DAG_ID=LocalIngestionDag
AIRFLOW_CTX_TASK_ID=wget
AIRFLOW_CTX_EXECUTION_DATE=2022-11-18T19:58:17.642454+00:00
AIRFLOW_CTX_TRY_NUMBER=2
AIRFLOW_CTX_DAG_RUN_ID=manual__2022-11-18T19:58:17.642454+00:00
[2022-11-18T20:01:15.623+0000] {subprocess.py:63} INFO - Tmp dir root location: 
 /tmp
[2022-11-18T20:01:15.624+0000] {subprocess.py:75} INFO - Running command: ['/bin/bash', '-c', 'curl -sSL https://github.com/DataTalksClub/nyc-tlc-data/releases/download/yellow/yellow_tripdata_2021-01.csv.gz > /opt/***/output.csv.gz && gunzip -f /opt/***/output.csv.gz']
[2022-11-18T20:01:15.640+0000] {subprocess.py:86} INFO - Output:
[2022-11-18T20:01:18.535+0000] {subprocess.py:97} INFO - Command exited with return code 0
[2022-11-18T20:01:18.574+0000] {taskinstance.py:1406} INFO - Marking task as SUCCESS. dag_id=LocalIngestionDag, task_id=wget, execution_date=20221118T195817, start_date=20221118T200115, end_date=20221118T200118
[2022-11-18T20:01:18.638+0000] {local_task_job.py:159} INFO - Task exited with return code 0
[2022-11-18T20:01:18.672+0000] {taskinstance.py:2623} INFO - 1 downstream tasks scheduled from follow-on schedule check
