[2022-11-19T17:42:05.741+0000] {taskinstance.py:1165} INFO - Dependencies all met for <TaskInstance: yellow_taxi_data_v2.download_dataset_task scheduled__2020-12-02T06:00:00+00:00 [queued]>
[2022-11-19T17:42:05.763+0000] {taskinstance.py:1165} INFO - Dependencies all met for <TaskInstance: yellow_taxi_data_v2.download_dataset_task scheduled__2020-12-02T06:00:00+00:00 [queued]>
[2022-11-19T17:42:05.763+0000] {taskinstance.py:1362} INFO - 
--------------------------------------------------------------------------------
[2022-11-19T17:42:05.763+0000] {taskinstance.py:1363} INFO - Starting attempt 1 of 2
[2022-11-19T17:42:05.763+0000] {taskinstance.py:1364} INFO - 
--------------------------------------------------------------------------------
[2022-11-19T17:42:05.803+0000] {taskinstance.py:1383} INFO - Executing <Task(BashOperator): download_dataset_task> on 2020-12-02 06:00:00+00:00
[2022-11-19T17:42:05.814+0000] {standard_task_runner.py:55} INFO - Started process 58882 to run task
[2022-11-19T17:42:05.828+0000] {standard_task_runner.py:82} INFO - Running: ['***', 'tasks', 'run', 'yellow_taxi_data_v2', 'download_dataset_task', 'scheduled__2020-12-02T06:00:00+00:00', '--job-id', '335', '--raw', '--subdir', 'DAGS_FOLDER/data_ingestion_homework.py', '--cfg-path', '/tmp/tmp5xf5rymb']
[2022-11-19T17:42:05.833+0000] {standard_task_runner.py:83} INFO - Job 335: Subtask download_dataset_task
[2022-11-19T17:42:05.968+0000] {task_command.py:376} INFO - Running <TaskInstance: yellow_taxi_data_v2.download_dataset_task scheduled__2020-12-02T06:00:00+00:00 [running]> on host b8836091f311
[2022-11-19T17:42:06.035+0000] {warnings.py:110} WARNING - /home/***/.local/lib/python3.7/site-packages/***/utils/context.py:204: AirflowContextDeprecationWarning: Accessing 'execution_date' from the template is deprecated and will be removed in a future version. Please use 'data_interval_start' or 'logical_date' instead.
  warnings.warn(_create_deprecation_warning(key, self._deprecation_replacements[key]))

[2022-11-19T17:42:06.121+0000] {taskinstance.py:1592} INFO - Exporting the following env vars:
AIRFLOW_CTX_DAG_OWNER=***
AIRFLOW_CTX_DAG_ID=yellow_taxi_data_v2
AIRFLOW_CTX_TASK_ID=download_dataset_task
AIRFLOW_CTX_EXECUTION_DATE=2020-12-02T06:00:00+00:00
AIRFLOW_CTX_TRY_NUMBER=1
AIRFLOW_CTX_DAG_RUN_ID=scheduled__2020-12-02T06:00:00+00:00
[2022-11-19T17:42:06.123+0000] {subprocess.py:63} INFO - Tmp dir root location: 
 /tmp
[2022-11-19T17:42:06.124+0000] {subprocess.py:75} INFO - Running command: ['/bin/bash', '-c', 'curl -sSLf https://d37ci6vzurychx.cloudfront.net/trip-data/yellow_tripdata_2020-12.parquet > /opt/***/yellow_tripdata_2020-12.parquet']
[2022-11-19T17:42:06.149+0000] {subprocess.py:86} INFO - Output:
[2022-11-19T17:42:07.563+0000] {subprocess.py:97} INFO - Command exited with return code 0
[2022-11-19T17:42:07.619+0000] {taskinstance.py:1406} INFO - Marking task as SUCCESS. dag_id=yellow_taxi_data_v2, task_id=download_dataset_task, execution_date=20201202T060000, start_date=20221119T174205, end_date=20221119T174207
[2022-11-19T17:42:07.670+0000] {local_task_job.py:159} INFO - Task exited with return code 0
[2022-11-19T17:42:07.713+0000] {taskinstance.py:2623} INFO - 1 downstream tasks scheduled from follow-on schedule check
