[2022-11-19T17:42:42.325+0000] {taskinstance.py:1165} INFO - Dependencies all met for <TaskInstance: yellow_taxi_data_v2.download_dataset_task scheduled__2021-08-02T06:00:00+00:00 [queued]>
[2022-11-19T17:42:42.340+0000] {taskinstance.py:1165} INFO - Dependencies all met for <TaskInstance: yellow_taxi_data_v2.download_dataset_task scheduled__2021-08-02T06:00:00+00:00 [queued]>
[2022-11-19T17:42:42.341+0000] {taskinstance.py:1362} INFO - 
--------------------------------------------------------------------------------
[2022-11-19T17:42:42.341+0000] {taskinstance.py:1363} INFO - Starting attempt 1 of 2
[2022-11-19T17:42:42.341+0000] {taskinstance.py:1364} INFO - 
--------------------------------------------------------------------------------
[2022-11-19T17:42:42.362+0000] {taskinstance.py:1383} INFO - Executing <Task(BashOperator): download_dataset_task> on 2021-08-02 06:00:00+00:00
[2022-11-19T17:42:42.371+0000] {standard_task_runner.py:55} INFO - Started process 59013 to run task
[2022-11-19T17:42:42.381+0000] {standard_task_runner.py:82} INFO - Running: ['***', 'tasks', 'run', 'yellow_taxi_data_v2', 'download_dataset_task', 'scheduled__2021-08-02T06:00:00+00:00', '--job-id', '361', '--raw', '--subdir', 'DAGS_FOLDER/data_ingestion_homework.py', '--cfg-path', '/tmp/tmpjzqzd8s4']
[2022-11-19T17:42:42.386+0000] {standard_task_runner.py:83} INFO - Job 361: Subtask download_dataset_task
[2022-11-19T17:42:42.512+0000] {task_command.py:376} INFO - Running <TaskInstance: yellow_taxi_data_v2.download_dataset_task scheduled__2021-08-02T06:00:00+00:00 [running]> on host b8836091f311
[2022-11-19T17:42:42.572+0000] {warnings.py:110} WARNING - /home/***/.local/lib/python3.7/site-packages/***/utils/context.py:204: AirflowContextDeprecationWarning: Accessing 'execution_date' from the template is deprecated and will be removed in a future version. Please use 'data_interval_start' or 'logical_date' instead.
  warnings.warn(_create_deprecation_warning(key, self._deprecation_replacements[key]))

[2022-11-19T17:42:42.650+0000] {taskinstance.py:1592} INFO - Exporting the following env vars:
AIRFLOW_CTX_DAG_OWNER=***
AIRFLOW_CTX_DAG_ID=yellow_taxi_data_v2
AIRFLOW_CTX_TASK_ID=download_dataset_task
AIRFLOW_CTX_EXECUTION_DATE=2021-08-02T06:00:00+00:00
AIRFLOW_CTX_TRY_NUMBER=1
AIRFLOW_CTX_DAG_RUN_ID=scheduled__2021-08-02T06:00:00+00:00
[2022-11-19T17:42:42.653+0000] {subprocess.py:63} INFO - Tmp dir root location: 
 /tmp
[2022-11-19T17:42:42.654+0000] {subprocess.py:75} INFO - Running command: ['/bin/bash', '-c', 'curl -sSLf https://d37ci6vzurychx.cloudfront.net/trip-data/yellow_tripdata_2021-08.parquet > /opt/***/yellow_tripdata_2021-08.parquet']
[2022-11-19T17:42:42.677+0000] {subprocess.py:86} INFO - Output:
[2022-11-19T17:42:43.023+0000] {subprocess.py:97} INFO - Command exited with return code 0
[2022-11-19T17:42:43.102+0000] {taskinstance.py:1406} INFO - Marking task as SUCCESS. dag_id=yellow_taxi_data_v2, task_id=download_dataset_task, execution_date=20210802T060000, start_date=20221119T174242, end_date=20221119T174243
[2022-11-19T17:42:43.210+0000] {local_task_job.py:159} INFO - Task exited with return code 0
[2022-11-19T17:42:43.332+0000] {taskinstance.py:2623} INFO - 1 downstream tasks scheduled from follow-on schedule check
